{"/home/travis/build/npmtest/node-npmtest-phone/test.js":{"path":"/home/travis/build/npmtest/node-npmtest-phone/test.js","s":{"1":2,"2":2,"3":2,"4":2,"5":2,"6":2,"7":2,"8":1,"9":2,"10":2,"11":1,"12":1,"13":1,"14":1,"15":2,"16":2,"17":2,"18":2,"19":1,"20":1,"21":2,"22":2,"23":2,"24":1,"25":1,"26":1,"27":1,"28":1,"29":1,"30":1,"31":1,"32":1,"33":1,"34":1,"35":1,"36":1,"37":1,"38":1,"39":2,"40":2,"41":1,"42":2,"43":2,"44":1,"45":2,"46":2,"47":1,"48":2,"49":2,"50":1,"51":1,"52":1,"53":1,"54":1},"b":{"1":[2,1,1,1],"2":[1,1,1,1],"3":[1,1],"4":[1,1],"5":[1,1],"6":[1,1],"7":[1,1],"8":[1,1],"9":[1,1],"10":[1,1,1],"11":[1,1],"12":[1,1],"13":[1,1],"14":[1,1],"15":[1,1],"16":[1,1],"17":[1,1]},"f":{"1":2,"2":2,"3":2,"4":2,"5":2,"6":1,"7":1,"8":1,"9":2,"10":2,"11":2,"12":2,"13":1},"fnMap":{"1":{"name":"(anonymous_1)","line":12,"loc":{"start":{"line":12,"column":1},"end":{"line":12,"column":13}}},"2":{"name":"(anonymous_2)","line":19,"loc":{"start":{"line":19,"column":5},"end":{"line":19,"column":17}}},"3":{"name":"(anonymous_3)","line":23,"loc":{"start":{"line":23,"column":24},"end":{"line":23,"column":36}}},"4":{"name":"(anonymous_4)","line":61,"loc":{"start":{"line":61,"column":5},"end":{"line":61,"column":17}}},"5":{"name":"(anonymous_5)","line":82,"loc":{"start":{"line":82,"column":5},"end":{"line":82,"column":17}}},"6":{"name":"(anonymous_6)","line":91,"loc":{"start":{"line":91,"column":77},"end":{"line":94,"column":10}}},"7":{"name":"(anonymous_7)","line":112,"loc":{"start":{"line":112,"column":83},"end":{"line":115,"column":10}},"skip":true},"8":{"name":"(anonymous_8)","line":123,"loc":{"start":{"line":123,"column":77},"end":{"line":126,"column":10}},"skip":true},"9":{"name":"(anonymous_9)","line":139,"loc":{"start":{"line":139,"column":12},"end":{"line":139,"column":40}},"skip":true},"10":{"name":"(anonymous_10)","line":147,"loc":{"start":{"line":147,"column":77},"end":{"line":150,"column":10}},"skip":true},"11":{"name":"(anonymous_11)","line":158,"loc":{"start":{"line":158,"column":83},"end":{"line":161,"column":10}},"skip":true},"12":{"name":"(anonymous_12)","line":169,"loc":{"start":{"line":169,"column":79},"end":{"line":172,"column":10}},"skip":true},"13":{"name":"(anonymous_13)","line":180,"loc":{"start":{"line":180,"column":75},"end":{"line":183,"column":10}},"skip":true}},"statementMap":{"1":{"start":{"line":12,"column":0},"end":{"line":195,"column":5}},"2":{"start":{"line":14,"column":4},"end":{"line":14,"column":14}},"3":{"start":{"line":19,"column":4},"end":{"line":56,"column":9}},"4":{"start":{"line":21,"column":8},"end":{"line":21,"column":19}},"5":{"start":{"line":23,"column":8},"end":{"line":35,"column":13}},"6":{"start":{"line":24,"column":12},"end":{"line":34,"column":13}},"7":{"start":{"line":25,"column":16},"end":{"line":28,"column":30}},"8":{"start":{"line":30,"column":16},"end":{"line":33,"column":27}},"9":{"start":{"line":37,"column":8},"end":{"line":39,"column":21}},"10":{"start":{"line":40,"column":8},"end":{"line":53,"column":9}},"11":{"start":{"line":43,"column":12},"end":{"line":46,"column":14}},"12":{"start":{"line":47,"column":12},"end":{"line":47,"column":18}},"13":{"start":{"line":50,"column":12},"end":{"line":51,"column":46}},"14":{"start":{"line":52,"column":12},"end":{"line":52,"column":18}},"15":{"start":{"line":55,"column":8},"end":{"line":55,"column":35}},"16":{"start":{"line":61,"column":4},"end":{"line":63,"column":9}},"17":{"start":{"line":62,"column":8},"end":{"line":62,"column":15}},"18":{"start":{"line":64,"column":4},"end":{"line":77,"column":5}},"19":{"start":{"line":70,"column":8},"end":{"line":70,"column":14}},"20":{"start":{"line":76,"column":8},"end":{"line":76,"column":14}},"21":{"start":{"line":82,"column":4},"end":{"line":84,"column":9}},"22":{"start":{"line":83,"column":8},"end":{"line":83,"column":15}},"23":{"start":{"line":85,"column":4},"end":{"line":194,"column":5}},"24":{"start":{"line":91,"column":8},"end":{"line":99,"column":10}},"25":{"start":{"line":98,"column":12},"end":{"line":98,"column":35}},"26":{"start":{"line":102,"column":8},"end":{"line":104,"column":63}},"27":{"start":{"line":105,"column":8},"end":{"line":105,"column":14}},"28":{"start":{"line":112,"column":8},"end":{"line":121,"column":10},"skip":true},"29":{"start":{"line":119,"column":12},"end":{"line":119,"column":55},"skip":true},"30":{"start":{"line":120,"column":12},"end":{"line":120,"column":48},"skip":true},"31":{"start":{"line":123,"column":8},"end":{"line":136,"column":10},"skip":true},"32":{"start":{"line":130,"column":12},"end":{"line":130,"column":76},"skip":true},"33":{"start":{"line":131,"column":12},"end":{"line":131,"column":73},"skip":true},"34":{"start":{"line":132,"column":12},"end":{"line":132,"column":74},"skip":true},"35":{"start":{"line":133,"column":12},"end":{"line":133,"column":79},"skip":true},"36":{"start":{"line":134,"column":12},"end":{"line":134,"column":25},"skip":true},"37":{"start":{"line":135,"column":12},"end":{"line":135,"column":45},"skip":true},"38":{"start":{"line":138,"column":8},"end":{"line":145,"column":14},"skip":true},"39":{"start":{"line":143,"column":16},"end":{"line":143,"column":29},"skip":true},"40":{"start":{"line":144,"column":16},"end":{"line":144,"column":55},"skip":true},"41":{"start":{"line":147,"column":8},"end":{"line":156,"column":10},"skip":true},"42":{"start":{"line":154,"column":12},"end":{"line":154,"column":25},"skip":true},"43":{"start":{"line":155,"column":12},"end":{"line":155,"column":45},"skip":true},"44":{"start":{"line":158,"column":8},"end":{"line":167,"column":10},"skip":true},"45":{"start":{"line":165,"column":12},"end":{"line":165,"column":25},"skip":true},"46":{"start":{"line":166,"column":12},"end":{"line":166,"column":48},"skip":true},"47":{"start":{"line":169,"column":8},"end":{"line":178,"column":10},"skip":true},"48":{"start":{"line":176,"column":12},"end":{"line":176,"column":25},"skip":true},"49":{"start":{"line":177,"column":12},"end":{"line":177,"column":46},"skip":true},"50":{"start":{"line":180,"column":8},"end":{"line":189,"column":10},"skip":true},"51":{"start":{"line":187,"column":12},"end":{"line":187,"column":94},"skip":true},"52":{"start":{"line":188,"column":12},"end":{"line":188,"column":48},"skip":true},"53":{"start":{"line":192,"column":8},"end":{"line":192,"column":35},"skip":true},"54":{"start":{"line":193,"column":8},"end":{"line":193,"column":14},"skip":true}},"branchMap":{"1":{"line":25,"type":"binary-expr","locations":[{"start":{"line":25,"column":23},"end":{"line":25,"column":62}},{"start":{"line":26,"column":20},"end":{"line":26,"column":70}},{"start":{"line":27,"column":20},"end":{"line":27,"column":71}},{"start":{"line":28,"column":20},"end":{"line":28,"column":29}}]},"2":{"line":30,"type":"binary-expr","locations":[{"start":{"line":30,"column":23},"end":{"line":30,"column":37}},{"start":{"line":31,"column":20},"end":{"line":31,"column":61}},{"start":{"line":32,"column":20},"end":{"line":32,"column":70}},{"start":{"line":33,"column":20},"end":{"line":33,"column":26}}]},"3":{"line":37,"type":"cond-expr","locations":[{"start":{"line":38,"column":14},"end":{"line":38,"column":20}},{"start":{"line":39,"column":14},"end":{"line":39,"column":20}}]},"4":{"line":40,"type":"switch","locations":[{"start":{"line":42,"column":8},"end":{"line":47,"column":18}},{"start":{"line":49,"column":8},"end":{"line":52,"column":18}}]},"5":{"line":44,"type":"binary-expr","locations":[{"start":{"line":44,"column":16},"end":{"line":44,"column":44}},{"start":{"line":44,"column":48},"end":{"line":44,"column":66}}]},"6":{"line":50,"type":"binary-expr","locations":[{"start":{"line":50,"column":21},"end":{"line":50,"column":49}},{"start":{"line":50,"column":53},"end":{"line":50,"column":72}}]},"7":{"line":64,"type":"switch","locations":[{"start":{"line":69,"column":4},"end":{"line":70,"column":14}},{"start":{"line":75,"column":4},"end":{"line":76,"column":14}}]},"8":{"line":85,"type":"switch","locations":[{"start":{"line":90,"column":4},"end":{"line":105,"column":14}},{"start":{"line":111,"column":4},"end":{"line":193,"column":14},"skip":true}]},"9":{"line":91,"type":"binary-expr","locations":[{"start":{"line":91,"column":42},"end":{"line":91,"column":73}},{"start":{"line":91,"column":77},"end":{"line":99,"column":9}}]},"10":{"line":102,"type":"binary-expr","locations":[{"start":{"line":102,"column":18},"end":{"line":102,"column":32}},{"start":{"line":103,"column":12},"end":{"line":103,"column":53}},{"start":{"line":104,"column":12},"end":{"line":104,"column":61}}]},"11":{"line":112,"type":"binary-expr","locations":[{"start":{"line":112,"column":45},"end":{"line":112,"column":79},"skip":true},{"start":{"line":112,"column":83},"end":{"line":121,"column":9},"skip":true}]},"12":{"line":123,"type":"binary-expr","locations":[{"start":{"line":123,"column":42},"end":{"line":123,"column":73},"skip":true},{"start":{"line":123,"column":77},"end":{"line":136,"column":9},"skip":true}]},"13":{"line":138,"type":"binary-expr","locations":[{"start":{"line":138,"column":48},"end":{"line":138,"column":85},"skip":true},{"start":{"line":139,"column":12},"end":{"line":145,"column":13},"skip":true}]},"14":{"line":147,"type":"binary-expr","locations":[{"start":{"line":147,"column":42},"end":{"line":147,"column":73},"skip":true},{"start":{"line":147,"column":77},"end":{"line":156,"column":9},"skip":true}]},"15":{"line":158,"type":"binary-expr","locations":[{"start":{"line":158,"column":45},"end":{"line":158,"column":79},"skip":true},{"start":{"line":158,"column":83},"end":{"line":167,"column":9},"skip":true}]},"16":{"line":169,"type":"binary-expr","locations":[{"start":{"line":169,"column":43},"end":{"line":169,"column":75},"skip":true},{"start":{"line":169,"column":79},"end":{"line":178,"column":9},"skip":true}]},"17":{"line":180,"type":"binary-expr","locations":[{"start":{"line":180,"column":41},"end":{"line":180,"column":71},"skip":true},{"start":{"line":180,"column":75},"end":{"line":189,"column":9},"skip":true}]}},"code":["/* istanbul instrument in package npmtest_phone */","/*jslint","    bitwise: true,","    browser: true,","    maxerr: 8,","    maxlen: 96,","    node: true,","    nomen: true,","    regexp: true,","    stupid: true","*/","(function () {","    'use strict';","    var local;","","","","    // run shared js-env code - pre-init","    (function () {","        // init local","        local = {};","        // init modeJs","        local.modeJs = (function () {","            try {","                return typeof navigator.userAgent === 'string' &&","                    typeof document.querySelector('body') === 'object' &&","                    typeof XMLHttpRequest.prototype.open === 'function' &&","                    'browser';","            } catch (errorCaughtBrowser) {","                return module.exports &&","                    typeof process.versions.node === 'string' &&","                    typeof require('http').createServer === 'function' &&","                    'node';","            }","        }());","        // init global","        local.global = local.modeJs === 'browser'","            ? window","            : global;","        switch (local.modeJs) {","        // re-init local from window.local","        case 'browser':","            local = local.global.utility2.objectSetDefault(","                local.global.utility2_rollup || local.global.local,","                local.global.utility2","            );","            break;","        // re-init local from example.js","        case 'node':","            local = (local.global.utility2_rollup || require('utility2'))","                .requireExampleJsFromReadme();","            break;","        }","        // export local","        local.global.local = local;","    }());","","","","    // run shared js-env code - function","    (function () {","        return;","    }());","    switch (local.modeJs) {","","","","    // run browser js-env code - function","    case 'browser':","        break;","","","","    // run node js-env code - function","    case 'node':","        break;","    }","","","","    // run shared js-env code - post-init","    (function () {","        return;","    }());","    switch (local.modeJs) {","","","","    // run browser js-env code - post-init","    case 'browser':","        local.testCase_browser_nullCase = local.testCase_browser_nullCase || function (","            options,","            onError","        ) {","        /*","         * this function will test browsers's null-case handling-behavior-behavior","         */","            onError(null, options);","        };","","        // run tests","        local.nop(local.modeTest &&","            document.querySelector('#testRunButton1') &&","            document.querySelector('#testRunButton1').click());","        break;","","","","    // run node js-env code - post-init","    /* istanbul ignore next */","    case 'node':","        local.testCase_buildApidoc_default = local.testCase_buildApidoc_default || function (","            options,","            onError","        ) {","        /*","         * this function will test buildApidoc's default handling-behavior-behavior","         */","            options = { modulePathList: module.paths };","            local.buildApidoc(options, onError);","        };","","        local.testCase_buildApp_default = local.testCase_buildApp_default || function (","            options,","            onError","        ) {","        /*","         * this function will test buildApp's default handling-behavior-behavior","         */","            local.testCase_buildReadme_default(options, local.onErrorThrow);","            local.testCase_buildLib_default(options, local.onErrorThrow);","            local.testCase_buildTest_default(options, local.onErrorThrow);","            local.testCase_buildCustomOrg_default(options, local.onErrorThrow);","            options = [];","            local.buildApp(options, onError);","        };","","        local.testCase_buildCustomOrg_default = local.testCase_buildCustomOrg_default ||","            function (options, onError) {","            /*","             * this function will test buildCustomOrg's default handling-behavior","             */","                options = {};","                local.buildCustomOrg(options, onError);","            };","","        local.testCase_buildLib_default = local.testCase_buildLib_default || function (","            options,","            onError","        ) {","        /*","         * this function will test buildLib's default handling-behavior","         */","            options = {};","            local.buildLib(options, onError);","        };","","        local.testCase_buildReadme_default = local.testCase_buildReadme_default || function (","            options,","            onError","        ) {","        /*","         * this function will test buildReadme's default handling-behavior-behavior","         */","            options = {};","            local.buildReadme(options, onError);","        };","","        local.testCase_buildTest_default = local.testCase_buildTest_default || function (","            options,","            onError","        ) {","        /*","         * this function will test buildTest's default handling-behavior","         */","            options = {};","            local.buildTest(options, onError);","        };","","        local.testCase_webpage_default = local.testCase_webpage_default || function (","            options,","            onError","        ) {","        /*","         * this function will test webpage's default handling-behavior","         */","            options = { modeCoverageMerge: true, url: local.serverLocalHost + '?modeTest=1' };","            local.browserTest(options, onError);","        };","","        // run test-server","        local.testRunServer(local);","        break;","    }","}());",""],"l":{"12":2,"14":2,"19":2,"21":2,"23":2,"24":2,"25":2,"30":1,"37":2,"40":2,"43":1,"47":1,"50":1,"52":1,"55":2,"61":2,"62":2,"64":2,"70":1,"76":1,"82":2,"83":2,"85":2,"91":1,"98":1,"102":1,"105":1,"112":1,"119":1,"120":1,"123":1,"130":1,"131":1,"132":1,"133":1,"134":1,"135":1,"138":1,"143":2,"144":2,"147":1,"154":2,"155":2,"158":1,"165":2,"166":2,"169":1,"176":2,"177":2,"180":1,"187":1,"188":1,"192":1,"193":1}},"/home/travis/build/npmtest/node-npmtest-phone/lib.npmtest_phone.js":{"path":"/home/travis/build/npmtest/node-npmtest-phone/lib.npmtest_phone.js","s":{"1":2,"2":2,"3":2,"4":2,"5":2,"6":2,"7":2,"8":1,"9":2,"10":2,"11":2,"12":2,"13":1,"14":1,"15":1,"16":1},"b":{"1":[2,1,1,1],"2":[1,1,1,1],"3":[1,1],"4":[2,2],"5":[1,1]},"f":{"1":2,"2":2,"3":2},"fnMap":{"1":{"name":"(anonymous_1)","line":12,"loc":{"start":{"line":12,"column":1},"end":{"line":12,"column":13}}},"2":{"name":"(anonymous_2)","line":19,"loc":{"start":{"line":19,"column":5},"end":{"line":19,"column":17}}},"3":{"name":"(anonymous_3)","line":23,"loc":{"start":{"line":23,"column":24},"end":{"line":23,"column":36}}}},"statementMap":{"1":{"start":{"line":12,"column":0},"end":{"line":53,"column":5}},"2":{"start":{"line":14,"column":4},"end":{"line":14,"column":14}},"3":{"start":{"line":19,"column":4},"end":{"line":52,"column":9}},"4":{"start":{"line":21,"column":8},"end":{"line":21,"column":19}},"5":{"start":{"line":23,"column":8},"end":{"line":35,"column":13}},"6":{"start":{"line":24,"column":12},"end":{"line":34,"column":13}},"7":{"start":{"line":25,"column":16},"end":{"line":28,"column":30}},"8":{"start":{"line":30,"column":16},"end":{"line":33,"column":27}},"9":{"start":{"line":37,"column":8},"end":{"line":39,"column":21}},"10":{"start":{"line":41,"column":8},"end":{"line":41,"column":54}},"11":{"start":{"line":43,"column":8},"end":{"line":43,"column":50}},"12":{"start":{"line":45,"column":8},"end":{"line":51,"column":9}},"13":{"start":{"line":46,"column":12},"end":{"line":46,"column":56}},"14":{"start":{"line":48,"column":12},"end":{"line":48,"column":35}},"15":{"start":{"line":49,"column":12},"end":{"line":49,"column":49}},"16":{"start":{"line":50,"column":12},"end":{"line":50,"column":43}}},"branchMap":{"1":{"line":25,"type":"binary-expr","locations":[{"start":{"line":25,"column":23},"end":{"line":25,"column":62}},{"start":{"line":26,"column":20},"end":{"line":26,"column":70}},{"start":{"line":27,"column":20},"end":{"line":27,"column":71}},{"start":{"line":28,"column":20},"end":{"line":28,"column":29}}]},"2":{"line":30,"type":"binary-expr","locations":[{"start":{"line":30,"column":23},"end":{"line":30,"column":37}},{"start":{"line":31,"column":20},"end":{"line":31,"column":61}},{"start":{"line":32,"column":20},"end":{"line":32,"column":70}},{"start":{"line":33,"column":20},"end":{"line":33,"column":26}}]},"3":{"line":37,"type":"cond-expr","locations":[{"start":{"line":38,"column":14},"end":{"line":38,"column":20}},{"start":{"line":39,"column":14},"end":{"line":39,"column":20}}]},"4":{"line":41,"type":"binary-expr","locations":[{"start":{"line":41,"column":16},"end":{"line":41,"column":44}},{"start":{"line":41,"column":48},"end":{"line":41,"column":53}}]},"5":{"line":45,"type":"if","locations":[{"start":{"line":45,"column":8},"end":{"line":45,"column":8}},{"start":{"line":45,"column":8},"end":{"line":45,"column":8}}]}},"code":["/* istanbul instrument in package npmtest_phone */","/*jslint","    bitwise: true,","    browser: true,","    maxerr: 8,","    maxlen: 96,","    node: true,","    nomen: true,","    regexp: true,","    stupid: true","*/","(function () {","    'use strict';","    var local;","","","","    // run shared js-env code - pre-init","    (function () {","        // init local","        local = {};","        // init modeJs","        local.modeJs = (function () {","            try {","                return typeof navigator.userAgent === 'string' &&","                    typeof document.querySelector('body') === 'object' &&","                    typeof XMLHttpRequest.prototype.open === 'function' &&","                    'browser';","            } catch (errorCaughtBrowser) {","                return module.exports &&","                    typeof process.versions.node === 'string' &&","                    typeof require('http').createServer === 'function' &&","                    'node';","            }","        }());","        // init global","        local.global = local.modeJs === 'browser'","            ? window","            : global;","        // init utility2_rollup","        local = local.global.utility2_rollup || local;","        // init lib","        local.local = local.npmtest_phone = local;","        // init exports","        if (local.modeJs === 'browser') {","            local.global.utility2_npmtest_phone = local;","        } else {","            module.exports = local;","            module.exports.__dirname = __dirname;","            module.exports.module = module;","        }","    }());","}());",""],"l":{"12":2,"14":2,"19":2,"21":2,"23":2,"24":2,"25":2,"30":1,"37":2,"41":2,"43":2,"45":2,"46":1,"48":1,"49":1,"50":1}},"/home/travis/build/npmtest/node-npmtest-phone/example.js":{"path":"/home/travis/build/npmtest/node-npmtest-phone/example.js","s":{"1":2,"2":2,"3":2,"4":2,"5":2,"6":2,"7":2,"8":1,"9":2,"10":2,"11":2,"12":2,"13":1,"14":2,"15":2,"16":2,"17":2,"18":2,"19":0,"20":2,"21":1,"22":1,"23":1,"24":1,"25":1,"26":0,"27":0,"28":1,"29":1,"30":2,"31":0,"32":0,"33":0,"34":1,"35":2,"36":2,"37":3,"38":3,"39":3,"40":3,"41":0,"42":3,"43":3,"44":3,"45":1,"46":3,"47":1,"48":1,"49":1,"50":1,"51":1,"52":1,"53":1,"54":1,"55":1,"56":1,"57":0,"58":1,"59":6,"60":6,"61":1,"62":2,"63":0,"64":2,"65":1,"66":1,"67":0,"68":0,"69":0,"70":0,"71":0,"72":0,"73":0,"74":0,"75":0,"76":0,"77":0,"78":0,"79":0,"80":0,"81":0,"82":0,"83":0},"b":{"1":[2,1,1,1],"2":[1,1,1,1],"3":[1,1],"4":[2,2],"5":[1,1],"6":[1,1],"7":[2,0],"8":[2,1,1,1,1,1],"9":[0,2,0],"10":[1,1],"11":[2,1,1],"12":[1,0],"13":[0,2],"14":[2,0,0,0,0,0,0],"15":[0,3],"16":[3,0],"17":[1,1],"18":[0,1],"19":[1,2,0,2],"20":[1,0],"21":[1,1],"22":[0,0],"23":[0,0],"24":[0,0],"25":[0,0],"26":[0,0],"27":[0,0],"28":[0,0]},"f":{"1":2,"2":2,"3":2,"4":2,"5":2,"6":2,"7":3,"8":3,"9":3,"10":1,"11":6,"12":0},"fnMap":{"1":{"name":"(anonymous_1)","line":26,"loc":{"start":{"line":26,"column":1},"end":{"line":26,"column":13}}},"2":{"name":"(anonymous_2)","line":33,"loc":{"start":{"line":33,"column":5},"end":{"line":33,"column":17}}},"3":{"name":"(anonymous_3)","line":37,"loc":{"start":{"line":37,"column":24},"end":{"line":37,"column":36}}},"4":{"name":"(anonymous_4)","line":69,"loc":{"start":{"line":69,"column":31},"end":{"line":69,"column":48}},"skip":true},"5":{"name":"(anonymous_5)","line":78,"loc":{"start":{"line":78,"column":26},"end":{"line":78,"column":45}},"skip":true},"6":{"name":"(anonymous_6)","line":123,"loc":{"start":{"line":123,"column":33},"end":{"line":123,"column":48}},"skip":true},"7":{"name":"(anonymous_7)","line":125,"loc":{"start":{"line":125,"column":27},"end":{"line":125,"column":39}},"skip":true},"8":{"name":"(anonymous_8)","line":133,"loc":{"start":{"line":133,"column":59},"end":{"line":133,"column":74}},"skip":true},"9":{"name":"(anonymous_9)","line":143,"loc":{"start":{"line":143,"column":45},"end":{"line":143,"column":62}},"skip":true},"10":{"name":"(anonymous_10)","line":144,"loc":{"start":{"line":144,"column":73},"end":{"line":144,"column":92}},"skip":true},"11":{"name":"(anonymous_11)","line":272,"loc":{"start":{"line":272,"column":51},"end":{"line":272,"column":77}},"skip":true},"12":{"name":"(anonymous_12)","line":315,"loc":{"start":{"line":315,"column":32},"end":{"line":315,"column":61}},"skip":true}},"statementMap":{"1":{"start":{"line":26,"column":0},"end":{"line":326,"column":5}},"2":{"start":{"line":28,"column":4},"end":{"line":28,"column":14}},"3":{"start":{"line":33,"column":4},"end":{"line":60,"column":9}},"4":{"start":{"line":35,"column":8},"end":{"line":35,"column":19}},"5":{"start":{"line":37,"column":8},"end":{"line":49,"column":13}},"6":{"start":{"line":38,"column":12},"end":{"line":48,"column":13}},"7":{"start":{"line":39,"column":16},"end":{"line":42,"column":30}},"8":{"start":{"line":44,"column":16},"end":{"line":47,"column":27}},"9":{"start":{"line":51,"column":8},"end":{"line":53,"column":21}},"10":{"start":{"line":55,"column":8},"end":{"line":57,"column":45}},"11":{"start":{"line":59,"column":8},"end":{"line":59,"column":35}},"12":{"start":{"line":61,"column":4},"end":{"line":325,"column":5}},"13":{"start":{"line":69,"column":8},"end":{"line":121,"column":10},"skip":true},"14":{"start":{"line":70,"column":12},"end":{"line":88,"column":13},"skip":true},"15":{"start":{"line":76,"column":16},"end":{"line":87,"column":19},"skip":true},"16":{"start":{"line":79,"column":20},"end":{"line":86,"column":21},"skip":true},"17":{"start":{"line":82,"column":24},"end":{"line":82,"column":43},"skip":true},"18":{"start":{"line":83,"column":24},"end":{"line":83,"column":30},"skip":true},"19":{"start":{"line":85,"column":24},"end":{"line":85,"column":49},"skip":true},"20":{"start":{"line":89,"column":12},"end":{"line":107,"column":13},"skip":true},"21":{"start":{"line":92,"column":16},"end":{"line":102,"column":17},"skip":true},"22":{"start":{"line":93,"column":20},"end":{"line":93,"column":86},"skip":true},"23":{"start":{"line":94,"column":20},"end":{"line":95,"column":45},"skip":true},"24":{"start":{"line":96,"column":20},"end":{"line":96,"column":42},"skip":true},"25":{"start":{"line":97,"column":20},"end":{"line":97,"column":48},"skip":true},"26":{"start":{"line":100,"column":20},"end":{"line":100,"column":85},"skip":true},"27":{"start":{"line":101,"column":20},"end":{"line":101,"column":96},"skip":true},"28":{"start":{"line":103,"column":16},"end":{"line":103,"column":22},"skip":true},"29":{"start":{"line":106,"column":16},"end":{"line":106,"column":22},"skip":true},"30":{"start":{"line":108,"column":12},"end":{"line":120,"column":13},"skip":true},"31":{"start":{"line":114,"column":16},"end":{"line":119,"column":17},"skip":true},"32":{"start":{"line":116,"column":20},"end":{"line":116,"column":78},"skip":true},"33":{"start":{"line":118,"column":20},"end":{"line":118,"column":47},"skip":true},"34":{"start":{"line":123,"column":8},"end":{"line":141,"column":11},"skip":true},"35":{"start":{"line":124,"column":12},"end":{"line":124,"column":54},"skip":true},"36":{"start":{"line":125,"column":12},"end":{"line":140,"column":14},"skip":true},"37":{"start":{"line":126,"column":16},"end":{"line":126,"column":28},"skip":true},"38":{"start":{"line":127,"column":16},"end":{"line":127,"column":69},"skip":true},"39":{"start":{"line":128,"column":16},"end":{"line":128,"column":75},"skip":true},"40":{"start":{"line":129,"column":16},"end":{"line":131,"column":17},"skip":true},"41":{"start":{"line":130,"column":20},"end":{"line":130,"column":27},"skip":true},"42":{"start":{"line":133,"column":16},"end":{"line":137,"column":36},"skip":true},"43":{"start":{"line":134,"column":20},"end":{"line":136,"column":55},"skip":true},"44":{"start":{"line":139,"column":16},"end":{"line":139,"column":57},"skip":true},"45":{"start":{"line":143,"column":8},"end":{"line":147,"column":11},"skip":true},"46":{"start":{"line":144,"column":12},"end":{"line":146,"column":15},"skip":true},"47":{"start":{"line":145,"column":16},"end":{"line":145,"column":70},"skip":true},"48":{"start":{"line":149,"column":8},"end":{"line":149,"column":31},"skip":true},"49":{"start":{"line":150,"column":8},"end":{"line":150,"column":14},"skip":true},"50":{"start":{"line":158,"column":8},"end":{"line":158,"column":31},"skip":true},"51":{"start":{"line":160,"column":8},"end":{"line":160,"column":33},"skip":true},"52":{"start":{"line":161,"column":8},"end":{"line":161,"column":37},"skip":true},"53":{"start":{"line":162,"column":8},"end":{"line":162,"column":35},"skip":true},"54":{"start":{"line":164,"column":8},"end":{"line":164,"column":50},"skip":true},"55":{"start":{"line":166,"column":8},"end":{"line":256,"column":2},"skip":true},"56":{"start":{"line":258,"column":8},"end":{"line":286,"column":9},"skip":true},"57":{"start":{"line":259,"column":12},"end":{"line":269,"column":14},"skip":true},"58":{"start":{"line":271,"column":12},"end":{"line":285,"column":19},"skip":true},"59":{"start":{"line":274,"column":20},"end":{"line":274,"column":35},"skip":true},"60":{"start":{"line":275,"column":20},"end":{"line":284,"column":21},"skip":true},"61":{"start":{"line":277,"column":24},"end":{"line":277,"column":64},"skip":true},"62":{"start":{"line":279,"column":24},"end":{"line":279,"column":40},"skip":true},"63":{"start":{"line":281,"column":24},"end":{"line":281,"column":40},"skip":true},"64":{"start":{"line":283,"column":24},"end":{"line":283,"column":39},"skip":true},"65":{"start":{"line":288,"column":8},"end":{"line":290,"column":9},"skip":true},"66":{"start":{"line":289,"column":12},"end":{"line":289,"column":18},"skip":true},"67":{"start":{"line":291,"column":8},"end":{"line":293,"column":54},"skip":true},"68":{"start":{"line":296,"column":8},"end":{"line":301,"column":37},"skip":true},"69":{"start":{"line":303,"column":8},"end":{"line":303,"column":82},"skip":true},"70":{"start":{"line":306,"column":8},"end":{"line":308,"column":9},"skip":true},"71":{"start":{"line":307,"column":12},"end":{"line":307,"column":82},"skip":true},"72":{"start":{"line":310,"column":8},"end":{"line":312,"column":9},"skip":true},"73":{"start":{"line":311,"column":12},"end":{"line":311,"column":18},"skip":true},"74":{"start":{"line":313,"column":8},"end":{"line":313,"column":54},"skip":true},"75":{"start":{"line":314,"column":8},"end":{"line":314,"column":69},"skip":true},"76":{"start":{"line":315,"column":8},"end":{"line":323,"column":36},"skip":true},"77":{"start":{"line":316,"column":12},"end":{"line":316,"column":61},"skip":true},"78":{"start":{"line":317,"column":12},"end":{"line":320,"column":13},"skip":true},"79":{"start":{"line":318,"column":16},"end":{"line":318,"column":75},"skip":true},"80":{"start":{"line":319,"column":16},"end":{"line":319,"column":23},"skip":true},"81":{"start":{"line":321,"column":12},"end":{"line":321,"column":38},"skip":true},"82":{"start":{"line":322,"column":12},"end":{"line":322,"column":27},"skip":true},"83":{"start":{"line":324,"column":8},"end":{"line":324,"column":14},"skip":true}},"branchMap":{"1":{"line":39,"type":"binary-expr","locations":[{"start":{"line":39,"column":23},"end":{"line":39,"column":62}},{"start":{"line":40,"column":20},"end":{"line":40,"column":70}},{"start":{"line":41,"column":20},"end":{"line":41,"column":71}},{"start":{"line":42,"column":20},"end":{"line":42,"column":29}}]},"2":{"line":44,"type":"binary-expr","locations":[{"start":{"line":44,"column":23},"end":{"line":44,"column":37}},{"start":{"line":45,"column":20},"end":{"line":45,"column":61}},{"start":{"line":46,"column":20},"end":{"line":46,"column":70}},{"start":{"line":47,"column":20},"end":{"line":47,"column":26}}]},"3":{"line":51,"type":"cond-expr","locations":[{"start":{"line":52,"column":14},"end":{"line":52,"column":20}},{"start":{"line":53,"column":14},"end":{"line":53,"column":20}}]},"4":{"line":55,"type":"binary-expr","locations":[{"start":{"line":55,"column":16},"end":{"line":55,"column":44}},{"start":{"line":55,"column":49},"end":{"line":57,"column":43}}]},"5":{"line":55,"type":"cond-expr","locations":[{"start":{"line":56,"column":14},"end":{"line":56,"column":49}},{"start":{"line":57,"column":14},"end":{"line":57,"column":43}}]},"6":{"line":61,"type":"switch","locations":[{"start":{"line":68,"column":4},"end":{"line":150,"column":14},"skip":true},{"start":{"line":156,"column":4},"end":{"line":324,"column":14},"skip":true}]},"7":{"line":70,"type":"if","locations":[{"start":{"line":70,"column":12},"end":{"line":70,"column":12},"skip":true},{"start":{"line":70,"column":12},"end":{"line":70,"column":12},"skip":true}]},"8":{"line":70,"type":"binary-expr","locations":[{"start":{"line":70,"column":16},"end":{"line":70,"column":22},"skip":true},{"start":{"line":70,"column":27},"end":{"line":70,"column":32},"skip":true},{"start":{"line":71,"column":20},"end":{"line":71,"column":39},"skip":true},{"start":{"line":72,"column":20},"end":{"line":72,"column":49},"skip":true},{"start":{"line":73,"column":20},"end":{"line":73,"column":58},"skip":true},{"start":{"line":74,"column":20},"end":{"line":74,"column":69},"skip":true}]},"9":{"line":79,"type":"switch","locations":[{"start":{"line":80,"column":20},"end":{"line":80,"column":33},"skip":true},{"start":{"line":81,"column":20},"end":{"line":83,"column":30},"skip":true},{"start":{"line":84,"column":20},"end":{"line":85,"column":49},"skip":true}]},"10":{"line":89,"type":"switch","locations":[{"start":{"line":90,"column":12},"end":{"line":103,"column":22},"skip":true},{"start":{"line":105,"column":12},"end":{"line":106,"column":22},"skip":true}]},"11":{"line":89,"type":"binary-expr","locations":[{"start":{"line":89,"column":20},"end":{"line":89,"column":25},"skip":true},{"start":{"line":89,"column":29},"end":{"line":89,"column":48},"skip":true},{"start":{"line":89,"column":52},"end":{"line":89,"column":74},"skip":true}]},"12":{"line":92,"type":"if","locations":[{"start":{"line":92,"column":16},"end":{"line":92,"column":16},"skip":true},{"start":{"line":92,"column":16},"end":{"line":92,"column":16},"skip":true}]},"13":{"line":108,"type":"if","locations":[{"start":{"line":108,"column":12},"end":{"line":108,"column":12},"skip":true},{"start":{"line":108,"column":12},"end":{"line":108,"column":12},"skip":true}]},"14":{"line":108,"type":"binary-expr","locations":[{"start":{"line":108,"column":16},"end":{"line":108,"column":61},"skip":true},{"start":{"line":108,"column":66},"end":{"line":108,"column":72},"skip":true},{"start":{"line":108,"column":77},"end":{"line":108,"column":82},"skip":true},{"start":{"line":109,"column":20},"end":{"line":109,"column":39},"skip":true},{"start":{"line":110,"column":20},"end":{"line":110,"column":49},"skip":true},{"start":{"line":111,"column":20},"end":{"line":111,"column":58},"skip":true},{"start":{"line":112,"column":20},"end":{"line":112,"column":68},"skip":true}]},"15":{"line":129,"type":"if","locations":[{"start":{"line":129,"column":16},"end":{"line":129,"column":16},"skip":true},{"start":{"line":129,"column":16},"end":{"line":129,"column":16},"skip":true}]},"16":{"line":134,"type":"cond-expr","locations":[{"start":{"line":135,"column":26},"end":{"line":135,"column":29},"skip":true},{"start":{"line":136,"column":26},"end":{"line":136,"column":54},"skip":true}]},"17":{"line":164,"type":"binary-expr","locations":[{"start":{"line":164,"column":27},"end":{"line":164,"column":43},"skip":true},{"start":{"line":164,"column":47},"end":{"line":164,"column":49},"skip":true}]},"18":{"line":258,"type":"if","locations":[{"start":{"line":258,"column":8},"end":{"line":258,"column":8},"skip":true},{"start":{"line":258,"column":8},"end":{"line":258,"column":8},"skip":true}]},"19":{"line":275,"type":"switch","locations":[{"start":{"line":276,"column":20},"end":{"line":277,"column":64},"skip":true},{"start":{"line":278,"column":20},"end":{"line":279,"column":40},"skip":true},{"start":{"line":280,"column":20},"end":{"line":281,"column":40},"skip":true},{"start":{"line":282,"column":20},"end":{"line":283,"column":39},"skip":true}]},"20":{"line":288,"type":"if","locations":[{"start":{"line":288,"column":8},"end":{"line":288,"column":8},"skip":true},{"start":{"line":288,"column":8},"end":{"line":288,"column":8},"skip":true}]},"21":{"line":288,"type":"binary-expr","locations":[{"start":{"line":288,"column":12},"end":{"line":288,"column":40},"skip":true},{"start":{"line":288,"column":44},"end":{"line":288,"column":67},"skip":true}]},"22":{"line":292,"type":"binary-expr","locations":[{"start":{"line":292,"column":12},"end":{"line":292,"column":50},"skip":true},{"start":{"line":293,"column":12},"end":{"line":293,"column":53},"skip":true}]},"23":{"line":297,"type":"binary-expr","locations":[{"start":{"line":297,"column":12},"end":{"line":297,"column":63},"skip":true},{"start":{"line":298,"column":12},"end":{"line":301,"column":36},"skip":true}]},"24":{"line":303,"type":"binary-expr","locations":[{"start":{"line":303,"column":43},"end":{"line":303,"column":75},"skip":true},{"start":{"line":303,"column":79},"end":{"line":303,"column":81},"skip":true}]},"25":{"line":306,"type":"if","locations":[{"start":{"line":306,"column":8},"end":{"line":306,"column":8},"skip":true},{"start":{"line":306,"column":8},"end":{"line":306,"column":8},"skip":true}]},"26":{"line":310,"type":"if","locations":[{"start":{"line":310,"column":8},"end":{"line":310,"column":8},"skip":true},{"start":{"line":310,"column":8},"end":{"line":310,"column":8},"skip":true}]},"27":{"line":313,"type":"binary-expr","locations":[{"start":{"line":313,"column":27},"end":{"line":313,"column":43},"skip":true},{"start":{"line":313,"column":47},"end":{"line":313,"column":53},"skip":true}]},"28":{"line":317,"type":"if","locations":[{"start":{"line":317,"column":12},"end":{"line":317,"column":12},"skip":true},{"start":{"line":317,"column":12},"end":{"line":317,"column":12},"skip":true}]}},"code":["/*","example.js","","quickstart example","","instruction","    1. save this script as example.js","    2. run the shell command:","        $ npm install npmtest-phone && PORT=8081 node example.js","    3. play with the browser-demo on http://127.0.0.1:8081","*/","","","","/* istanbul instrument in package npmtest_phone */","/*jslint","    bitwise: true,","    browser: true,","    maxerr: 8,","    maxlen: 96,","    node: true,","    nomen: true,","    regexp: true,","    stupid: true","*/","(function () {","    'use strict';","    var local;","","","","    // run shared js-env code - pre-init","    (function () {","        // init local","        local = {};","        // init modeJs","        local.modeJs = (function () {","            try {","                return typeof navigator.userAgent === 'string' &&","                    typeof document.querySelector('body') === 'object' &&","                    typeof XMLHttpRequest.prototype.open === 'function' &&","                    'browser';","            } catch (errorCaughtBrowser) {","                return module.exports &&","                    typeof process.versions.node === 'string' &&","                    typeof require('http').createServer === 'function' &&","                    'node';","            }","        }());","        // init global","        local.global = local.modeJs === 'browser'","            ? window","            : global;","        // init utility2_rollup","        local = local.global.utility2_rollup || (local.modeJs === 'browser'","            ? local.global.utility2_npmtest_phone","            : global.utility2_moduleExports);","        // export local","        local.global.local = local;","    }());","    switch (local.modeJs) {","","","","    // post-init","    // run browser js-env code - post-init","    /* istanbul ignore next */","    case 'browser':","        local.testRunBrowser = function (event) {","            if (!event || (event &&","                    event.currentTarget &&","                    event.currentTarget.className &&","                    event.currentTarget.className.includes &&","                    event.currentTarget.className.includes('onreset'))) {","                // reset output","                Array.from(","                    document.querySelectorAll('body > .resettable')","                ).forEach(function (element) {","                    switch (element.tagName) {","                    case 'INPUT':","                    case 'TEXTAREA':","                        element.value = '';","                        break;","                    default:","                        element.textContent = '';","                    }","                });","            }","            switch (event && event.currentTarget && event.currentTarget.id) {","            case 'testRunButton1':","                // show tests","                if (document.querySelector('#testReportDiv1').style.display === 'none') {","                    document.querySelector('#testReportDiv1').style.display = 'block';","                    document.querySelector('#testRunButton1').textContent =","                        'hide internal test';","                    local.modeTest = true;","                    local.testRunDefault(local);","                // hide tests","                } else {","                    document.querySelector('#testReportDiv1').style.display = 'none';","                    document.querySelector('#testRunButton1').textContent = 'run internal test';","                }","                break;","            // custom-case","            default:","                break;","            }","            if (document.querySelector('#inputTextareaEval1') && (!event || (event &&","                    event.currentTarget &&","                    event.currentTarget.className &&","                    event.currentTarget.className.includes &&","                    event.currentTarget.className.includes('oneval')))) {","                // try to eval input-code","                try {","                    /*jslint evil: true*/","                    eval(document.querySelector('#inputTextareaEval1').value);","                } catch (errorCaught) {","                    console.error(errorCaught);","                }","            }","        };","        // log stderr and stdout to #outputTextareaStdout1","        ['error', 'log'].forEach(function (key) {","            console[key + '_original'] = console[key];","            console[key] = function () {","                var element;","                console[key + '_original'].apply(console, arguments);","                element = document.querySelector('#outputTextareaStdout1');","                if (!element) {","                    return;","                }","                // append text to #outputTextareaStdout1","                element.value += Array.from(arguments).map(function (arg) {","                    return typeof arg === 'string'","                        ? arg","                        : JSON.stringify(arg, null, 4);","                }).join(' ') + '\\n';","                // scroll textarea to bottom","                element.scrollTop = element.scrollHeight;","            };","        });","        // init event-handling","        ['change', 'click', 'keyup'].forEach(function (event) {","            Array.from(document.querySelectorAll('.on' + event)).forEach(function (element) {","                element.addEventListener(event, local.testRunBrowser);","            });","        });","        // run tests","        local.testRunBrowser();","        break;","","","","    // run node js-env code - post-init","    /* istanbul ignore next */","    case 'node':","        // export local","        module.exports = local;","        // require modules","        local.fs = require('fs');","        local.http = require('http');","        local.url = require('url');","        // init assets","        local.assetsDict = local.assetsDict || {};","        /* jslint-ignore-begin */","        local.assetsDict['/assets.index.template.html'] = '\\","<!doctype html>\\n\\","<html lang=\"en\">\\n\\","<head>\\n\\","<meta charset=\"UTF-8\">\\n\\","<meta name=\"viewport\" content=\"width=device-width, initial-scale=1\">\\n\\","<title>{{env.npm_package_name}} (v{{env.npm_package_version}})</title>\\n\\","<style>\\n\\","/*csslint\\n\\","    box-sizing: false,\\n\\","    universal-selector: false\\n\\","*/\\n\\","* {\\n\\","    box-sizing: border-box;\\n\\","}\\n\\","body {\\n\\","    background: #dde;\\n\\","    font-family: Arial, Helvetica, sans-serif;\\n\\","    margin: 2rem;\\n\\","}\\n\\","body > * {\\n\\","    margin-bottom: 1rem;\\n\\","}\\n\\",".utility2FooterDiv {\\n\\","    margin-top: 20px;\\n\\","    text-align: center;\\n\\","}\\n\\","</style>\\n\\","<style>\\n\\","/*csslint\\n\\","*/\\n\\","textarea {\\n\\","    font-family: monospace;\\n\\","    height: 10rem;\\n\\","    width: 100%;\\n\\","}\\n\\","textarea[readonly] {\\n\\","    background: #ddd;\\n\\","}\\n\\","</style>\\n\\","</head>\\n\\","<body>\\n\\","<!-- utility2-comment\\n\\","<div id=\"ajaxProgressDiv1\" style=\"background: #d00; height: 2px; left: 0; margin: 0; padding: 0; position: fixed; top: 0; transition: background 0.5s, width 1.5s; width: 25%;\"></div>\\n\\","utility2-comment -->\\n\\","<h1>\\n\\","<!-- utility2-comment\\n\\","    <a\\n\\","        {{#if env.npm_package_homepage}}\\n\\","        href=\"{{env.npm_package_homepage}}\"\\n\\","        {{/if env.npm_package_homepage}}\\n\\","        target=\"_blank\"\\n\\","    >\\n\\","utility2-comment -->\\n\\","        {{env.npm_package_name}} (v{{env.npm_package_version}})\\n\\","<!-- utility2-comment\\n\\","    </a>\\n\\","utility2-comment -->\\n\\","</h1>\\n\\","<h3>{{env.npm_package_description}}</h3>\\n\\","<!-- utility2-comment\\n\\","<h4><a download href=\"assets.app.js\">download standalone app</a></h4>\\n\\","<button class=\"onclick onreset\" id=\"testRunButton1\">run internal test</button><br>\\n\\","<div id=\"testReportDiv1\" style=\"display: none;\"></div>\\n\\","utility2-comment -->\\n\\","\\n\\","\\n\\","\\n\\","<label>stderr and stdout</label>\\n\\","<textarea class=\"resettable\" id=\"outputTextareaStdout1\" readonly></textarea>\\n\\","<!-- utility2-comment\\n\\","{{#if isRollup}}\\n\\","<script src=\"assets.app.js\"></script>\\n\\","{{#unless isRollup}}\\n\\","utility2-comment -->\\n\\","<script src=\"assets.utility2.rollup.js\"></script>\\n\\","<script src=\"jsonp.utility2._stateInit?callback=window.utility2._stateInit\"></script>\\n\\","<script src=\"assets.npmtest_phone.rollup.js\"></script>\\n\\","<script src=\"assets.example.js\"></script>\\n\\","<script src=\"assets.test.js\"></script>\\n\\","<!-- utility2-comment\\n\\","{{/if isRollup}}\\n\\","utility2-comment -->\\n\\","<div class=\"utility2FooterDiv\">\\n\\","    [ this app was created with\\n\\","    <a href=\"https://github.com/kaizhu256/node-utility2\" target=\"_blank\">utility2</a>\\n\\","    ]\\n\\","</div>\\n\\","</body>\\n\\","</html>\\n\\","';","        /* jslint-ignore-end */","        if (local.templateRender) {","            local.assetsDict['/'] = local.templateRender(","                local.assetsDict['/assets.index.template.html'],","                {","                    env: local.objectSetDefault(local.env, {","                        npm_package_description: 'the greatest app in the world!',","                        npm_package_name: 'my-app',","                        npm_package_nameAlias: 'my_app',","                        npm_package_version: '0.0.1'","                    })","                }","            );","        } else {","            local.assetsDict['/'] = local.assetsDict['/assets.index.template.html']","                .replace((/\\{\\{env\\.(\\w+?)\\}\\}/g), function (match0, match1) {","                    // jslint-hack","                    String(match0);","                    switch (match1) {","                    case 'npm_package_description':","                        return 'the greatest app in the world!';","                    case 'npm_package_name':","                        return 'my-app';","                    case 'npm_package_nameAlias':","                        return 'my_app';","                    case 'npm_package_version':","                        return '0.0.1';","                    }","                });","        }","        // run the cli","        if (local.global.utility2_rollup || module !== require.main) {","            break;","        }","        local.assetsDict['/assets.example.js'] =","            local.assetsDict['/assets.example.js'] ||","            local.fs.readFileSync(__filename, 'utf8');","        // bug-workaround - long $npm_package_buildCustomOrg","        /* jslint-ignore-begin */","        local.assetsDict['/assets.npmtest_phone.rollup.js'] =","            local.assetsDict['/assets.npmtest_phone.rollup.js'] ||","            local.fs.readFileSync(","                local.npmtest_phone.__dirname + '/lib.npmtest_phone.js',","                'utf8'","            ).replace((/^#!/), '//');","        /* jslint-ignore-end */","        local.assetsDict['/favicon.ico'] = local.assetsDict['/favicon.ico'] || '';","        // if $npm_config_timeout_exit exists,","        // then exit this process after $npm_config_timeout_exit ms","        if (Number(process.env.npm_config_timeout_exit)) {","            setTimeout(process.exit, Number(process.env.npm_config_timeout_exit));","        }","        // start server","        if (local.global.utility2_serverHttp1) {","            break;","        }","        process.env.PORT = process.env.PORT || '8081';","        console.error('server starting on port ' + process.env.PORT);","        local.http.createServer(function (request, response) {","            request.urlParsed = local.url.parse(request.url);","            if (local.assetsDict[request.urlParsed.pathname] !== undefined) {","                response.end(local.assetsDict[request.urlParsed.pathname]);","                return;","            }","            response.statusCode = 404;","            response.end();","        }).listen(process.env.PORT);","        break;","    }","}());",""],"l":{"26":2,"28":2,"33":2,"35":2,"37":2,"38":2,"39":2,"44":1,"51":2,"55":2,"59":2,"61":2,"69":1,"70":2,"76":2,"79":2,"82":2,"83":2,"85":1,"89":2,"92":1,"93":1,"94":1,"96":1,"97":1,"100":1,"101":1,"103":1,"106":1,"108":2,"114":1,"116":1,"118":1,"123":1,"124":2,"125":2,"126":3,"127":3,"128":3,"129":3,"130":1,"133":3,"134":3,"139":3,"143":1,"144":3,"145":1,"149":1,"150":1,"158":1,"160":1,"161":1,"162":1,"164":1,"166":1,"258":1,"259":1,"271":1,"274":6,"275":6,"277":1,"279":2,"281":1,"283":2,"288":1,"289":1,"291":1,"296":1,"303":1,"306":1,"307":1,"310":1,"311":1,"313":1,"314":1,"315":1,"316":1,"317":1,"318":1,"319":1,"321":1,"322":1,"324":1}},"/home/travis/build/npmtest/node-npmtest-phone/node_modules/phone/lib/index.js":{"path":"/home/travis/build/npmtest/node-npmtest-phone/node_modules/phone/lib/index.js","s":{"1":1,"2":1,"3":1,"4":0,"5":0,"6":0,"7":0,"8":0,"9":0,"10":0,"11":0,"12":0,"13":0,"14":0,"15":0,"16":0,"17":0,"18":0,"19":0,"20":0,"21":0,"22":0,"23":0,"24":0,"25":0,"26":0,"27":1,"28":0,"29":0,"30":0,"31":0,"32":0,"33":0,"34":0,"35":0,"36":0,"37":0,"38":0,"39":0,"40":1,"41":0,"42":0,"43":0,"44":0,"45":0,"46":0,"47":0,"48":0,"49":1,"50":0,"51":0,"52":0,"53":0,"54":0,"55":0,"56":0,"57":0,"58":0,"59":0,"60":0,"61":0,"62":0,"63":0,"64":0,"65":0,"66":0,"67":0,"68":0,"69":0,"70":0,"71":0,"72":0,"73":0,"74":0},"b":{"1":[0,0,0,0],"2":[0,0],"3":[0,0],"4":[0,0],"5":[0,0],"6":[0,0],"7":[0,0],"8":[0,0],"9":[0,0],"10":[0,0],"11":[0,0],"12":[0,0],"13":[0,0],"14":[0,0],"15":[0,0],"16":[0,0],"17":[0,0],"18":[0,0],"19":[0,0,0],"20":[0,0],"21":[0,0],"22":[0,0],"23":[0,0],"24":[0,0]},"f":{"1":0,"2":0,"3":0,"4":0,"5":0,"6":0,"7":0,"8":0,"9":0,"10":0,"11":0,"12":0},"fnMap":{"1":{"name":"getISO3166","line":1874,"loc":{"start":{"line":1874,"column":0},"end":{"line":1874,"column":29}}},"2":{"name":"(anonymous_2)","line":1884,"loc":{"start":{"line":1884,"column":22},"end":{"line":1884,"column":47}}},"3":{"name":"(anonymous_3)","line":1894,"loc":{"start":{"line":1894,"column":22},"end":{"line":1894,"column":47}}},"4":{"name":"(anonymous_4)","line":1904,"loc":{"start":{"line":1904,"column":22},"end":{"line":1904,"column":47}}},"5":{"name":"get_iso3166_by_phone","line":1917,"loc":{"start":{"line":1917,"column":0},"end":{"line":1917,"column":37}}},"6":{"name":"(anonymous_6)","line":1920,"loc":{"start":{"line":1920,"column":20},"end":{"line":1920,"column":45}}},"7":{"name":"(anonymous_7)","line":1923,"loc":{"start":{"line":1923,"column":50},"end":{"line":1923,"column":81}}},"8":{"name":"(anonymous_8)","line":1927,"loc":{"start":{"line":1927,"column":49},"end":{"line":1927,"column":78}}},"9":{"name":"validate_phone_iso3166","line":1944,"loc":{"start":{"line":1944,"column":0},"end":{"line":1944,"column":48}}},"10":{"name":"(anonymous_10)","line":1951,"loc":{"start":{"line":1951,"column":42},"end":{"line":1951,"column":73}}},"11":{"name":"(anonymous_11)","line":1953,"loc":{"start":{"line":1953,"column":41},"end":{"line":1953,"column":70}}},"12":{"name":"(anonymous_12)","line":1970,"loc":{"start":{"line":1970,"column":17},"end":{"line":1970,"column":43}}}},"statementMap":{"1":{"start":{"line":1,"column":0},"end":{"line":1,"column":14}},"2":{"start":{"line":3,"column":0},"end":{"line":1872,"column":2}},"3":{"start":{"line":1874,"column":0},"end":{"line":1915,"column":1}},"4":{"start":{"line":1876,"column":1},"end":{"line":1876,"column":18}},"5":{"start":{"line":1877,"column":1},"end":{"line":1877,"column":48}},"6":{"start":{"line":1879,"column":1},"end":{"line":1912,"column":2}},"7":{"start":{"line":1881,"column":3},"end":{"line":1881,"column":29}},"8":{"start":{"line":1882,"column":3},"end":{"line":1882,"column":9}},"9":{"start":{"line":1884,"column":3},"end":{"line":1891,"column":6}},"10":{"start":{"line":1885,"column":4},"end":{"line":1888,"column":5}},"11":{"start":{"line":1886,"column":5},"end":{"line":1886,"column":29}},"12":{"start":{"line":1887,"column":5},"end":{"line":1887,"column":18}},"13":{"start":{"line":1890,"column":4},"end":{"line":1890,"column":16}},"14":{"start":{"line":1892,"column":3},"end":{"line":1892,"column":9}},"15":{"start":{"line":1894,"column":3},"end":{"line":1901,"column":6}},"16":{"start":{"line":1895,"column":4},"end":{"line":1898,"column":5}},"17":{"start":{"line":1896,"column":5},"end":{"line":1896,"column":29}},"18":{"start":{"line":1897,"column":5},"end":{"line":1897,"column":18}},"19":{"start":{"line":1900,"column":4},"end":{"line":1900,"column":16}},"20":{"start":{"line":1902,"column":3},"end":{"line":1902,"column":9}},"21":{"start":{"line":1904,"column":3},"end":{"line":1911,"column":6}},"22":{"start":{"line":1905,"column":4},"end":{"line":1908,"column":5}},"23":{"start":{"line":1906,"column":5},"end":{"line":1906,"column":29}},"24":{"start":{"line":1907,"column":5},"end":{"line":1907,"column":18}},"25":{"start":{"line":1910,"column":4},"end":{"line":1910,"column":16}},"26":{"start":{"line":1914,"column":1},"end":{"line":1914,"column":16}},"27":{"start":{"line":1917,"column":0},"end":{"line":1942,"column":1}},"28":{"start":{"line":1918,"column":1},"end":{"line":1918,"column":18}},"29":{"start":{"line":1920,"column":1},"end":{"line":1939,"column":4}},"30":{"start":{"line":1921,"column":2},"end":{"line":1921,"column":59}},"31":{"start":{"line":1923,"column":2},"end":{"line":1938,"column":5}},"32":{"start":{"line":1924,"column":3},"end":{"line":1935,"column":4}},"33":{"start":{"line":1927,"column":4},"end":{"line":1934,"column":7}},"34":{"start":{"line":1928,"column":5},"end":{"line":1931,"column":6}},"35":{"start":{"line":1929,"column":6},"end":{"line":1929,"column":30}},"36":{"start":{"line":1930,"column":6},"end":{"line":1930,"column":19}},"37":{"start":{"line":1933,"column":5},"end":{"line":1933,"column":17}},"38":{"start":{"line":1937,"column":3},"end":{"line":1937,"column":15}},"39":{"start":{"line":1941,"column":1},"end":{"line":1941,"column":16}},"40":{"start":{"line":1944,"column":0},"end":{"line":1960,"column":1}},"41":{"start":{"line":1945,"column":1},"end":{"line":1945,"column":67}},"42":{"start":{"line":1947,"column":1},"end":{"line":1949,"column":2}},"43":{"start":{"line":1948,"column":2},"end":{"line":1948,"column":15}},"44":{"start":{"line":1951,"column":1},"end":{"line":1959,"column":4}},"45":{"start":{"line":1952,"column":2},"end":{"line":1956,"column":3}},"46":{"start":{"line":1953,"column":3},"end":{"line":1955,"column":6}},"47":{"start":{"line":1954,"column":4},"end":{"line":1954,"column":60}},"48":{"start":{"line":1958,"column":2},"end":{"line":1958,"column":15}},"49":{"start":{"line":1970,"column":0},"end":{"line":2038,"column":2}},"50":{"start":{"line":1971,"column":1},"end":{"line":1971,"column":17}},"51":{"start":{"line":1973,"column":1},"end":{"line":1973,"column":76}},"52":{"start":{"line":1974,"column":1},"end":{"line":1974,"column":84}},"53":{"start":{"line":1976,"column":1},"end":{"line":1976,"column":23}},"54":{"start":{"line":1978,"column":1},"end":{"line":1980,"column":2}},"55":{"start":{"line":1979,"column":2},"end":{"line":1979,"column":19}},"56":{"start":{"line":1983,"column":1},"end":{"line":1983,"column":34}},"57":{"start":{"line":1985,"column":1},"end":{"line":1985,"column":35}},"58":{"start":{"line":1988,"column":1},"end":{"line":1990,"column":2}},"59":{"start":{"line":1989,"column":2},"end":{"line":1989,"column":16}},"60":{"start":{"line":1992,"column":1},"end":{"line":2032,"column":2}},"61":{"start":{"line":1994,"column":2},"end":{"line":1996,"column":3}},"62":{"start":{"line":1995,"column":3},"end":{"line":1995,"column":36}},"63":{"start":{"line":1999,"column":2},"end":{"line":2001,"column":3}},"64":{"start":{"line":2000,"column":3},"end":{"line":2000,"column":36}},"65":{"start":{"line":2004,"column":2},"end":{"line":2017,"column":3}},"66":{"start":{"line":2014,"column":3},"end":{"line":2016,"column":4}},"67":{"start":{"line":2015,"column":4},"end":{"line":2015,"column":41}},"68":{"start":{"line":2019,"column":2},"end":{"line":2031,"column":3}},"69":{"start":{"line":2022,"column":3},"end":{"line":2022,"column":41}},"70":{"start":{"line":2028,"column":3},"end":{"line":2030,"column":4}},"71":{"start":{"line":2029,"column":4},"end":{"line":2029,"column":24}},"72":{"start":{"line":2034,"column":1},"end":{"line":2036,"column":2}},"73":{"start":{"line":2035,"column":2},"end":{"line":2035,"column":39}},"74":{"start":{"line":2037,"column":1},"end":{"line":2037,"column":15}}},"branchMap":{"1":{"line":1879,"type":"switch","locations":[{"start":{"line":1880,"column":2},"end":{"line":1882,"column":9}},{"start":{"line":1883,"column":2},"end":{"line":1892,"column":9}},{"start":{"line":1893,"column":2},"end":{"line":1902,"column":9}},{"start":{"line":1903,"column":2},"end":{"line":1911,"column":6}}]},"2":{"line":1885,"type":"if","locations":[{"start":{"line":1885,"column":4},"end":{"line":1885,"column":4}},{"start":{"line":1885,"column":4},"end":{"line":1885,"column":4}}]},"3":{"line":1895,"type":"if","locations":[{"start":{"line":1895,"column":4},"end":{"line":1895,"column":4}},{"start":{"line":1895,"column":4},"end":{"line":1895,"column":4}}]},"4":{"line":1905,"type":"if","locations":[{"start":{"line":1905,"column":4},"end":{"line":1905,"column":4}},{"start":{"line":1905,"column":4},"end":{"line":1905,"column":4}}]},"5":{"line":1924,"type":"if","locations":[{"start":{"line":1924,"column":3},"end":{"line":1924,"column":3}},{"start":{"line":1924,"column":3},"end":{"line":1924,"column":3}}]},"6":{"line":1924,"type":"binary-expr","locations":[{"start":{"line":1924,"column":7},"end":{"line":1924,"column":25}},{"start":{"line":1924,"column":29},"end":{"line":1924,"column":101}}]},"7":{"line":1928,"type":"if","locations":[{"start":{"line":1928,"column":5},"end":{"line":1928,"column":5}},{"start":{"line":1928,"column":5},"end":{"line":1928,"column":5}}]},"8":{"line":1947,"type":"if","locations":[{"start":{"line":1947,"column":1},"end":{"line":1947,"column":1}},{"start":{"line":1947,"column":1},"end":{"line":1947,"column":1}}]},"9":{"line":1952,"type":"if","locations":[{"start":{"line":1952,"column":2},"end":{"line":1952,"column":2}},{"start":{"line":1952,"column":2},"end":{"line":1952,"column":2}}]},"10":{"line":1973,"type":"cond-expr","locations":[{"start":{"line":1973,"column":58},"end":{"line":1973,"column":60}},{"start":{"line":1973,"column":63},"end":{"line":1973,"column":75}}]},"11":{"line":1973,"type":"binary-expr","locations":[{"start":{"line":1973,"column":10},"end":{"line":1973,"column":24}},{"start":{"line":1973,"column":28},"end":{"line":1973,"column":54}}]},"12":{"line":1974,"type":"cond-expr","locations":[{"start":{"line":1974,"column":64},"end":{"line":1974,"column":66}},{"start":{"line":1974,"column":69},"end":{"line":1974,"column":83}}]},"13":{"line":1974,"type":"binary-expr","locations":[{"start":{"line":1974,"column":12},"end":{"line":1974,"column":28}},{"start":{"line":1974,"column":32},"end":{"line":1974,"column":60}}]},"14":{"line":1978,"type":"if","locations":[{"start":{"line":1978,"column":1},"end":{"line":1978,"column":1}},{"start":{"line":1978,"column":1},"end":{"line":1978,"column":1}}]},"15":{"line":1988,"type":"if","locations":[{"start":{"line":1988,"column":1},"end":{"line":1988,"column":1}},{"start":{"line":1988,"column":1},"end":{"line":1988,"column":1}}]},"16":{"line":1992,"type":"if","locations":[{"start":{"line":1992,"column":1},"end":{"line":1992,"column":1}},{"start":{"line":1992,"column":1},"end":{"line":1992,"column":1}}]},"17":{"line":1994,"type":"if","locations":[{"start":{"line":1994,"column":2},"end":{"line":1994,"column":2}},{"start":{"line":1994,"column":2},"end":{"line":1994,"column":2}}]},"18":{"line":1999,"type":"if","locations":[{"start":{"line":1999,"column":2},"end":{"line":1999,"column":2}},{"start":{"line":1999,"column":2},"end":{"line":1999,"column":2}}]},"19":{"line":1999,"type":"binary-expr","locations":[{"start":{"line":1999,"column":6},"end":{"line":1999,"column":30}},{"start":{"line":1999,"column":34},"end":{"line":1999,"column":53}},{"start":{"line":1999,"column":57},"end":{"line":1999,"column":84}}]},"20":{"line":2004,"type":"if","locations":[{"start":{"line":2004,"column":2},"end":{"line":2004,"column":2}},{"start":{"line":2004,"column":2},"end":{"line":2004,"column":2}}]},"21":{"line":2014,"type":"if","locations":[{"start":{"line":2014,"column":3},"end":{"line":2014,"column":3}},{"start":{"line":2014,"column":3},"end":{"line":2014,"column":3}}]},"22":{"line":2019,"type":"if","locations":[{"start":{"line":2019,"column":2},"end":{"line":2019,"column":2}},{"start":{"line":2019,"column":2},"end":{"line":2019,"column":2}}]},"23":{"line":2028,"type":"if","locations":[{"start":{"line":2028,"column":3},"end":{"line":2028,"column":3}},{"start":{"line":2028,"column":3},"end":{"line":2028,"column":3}}]},"24":{"line":2034,"type":"if","locations":[{"start":{"line":2034,"column":1},"end":{"line":2034,"column":1}},{"start":{"line":2034,"column":1},"end":{"line":2034,"column":1}}]}},"code":["'use stricts';","","var iso3166_data = [","\t// if no country is given, default to USA. DO NOT move this position","","\t// http://en.wikipedia.org/wiki/List_of_North_American_Numbering_Plan_area_codes#900.E2.80.93999","\t// http://www.howtocallabroad.com/usa/","\t// http://areacode.org/","\t// http://countrycode.org/usa","\t{","\t\talpha2: \"US\",","\t\talpha3: \"USA\",","\t\tcountry_code: \"1\",","\t\tcountry_name: \"United States\",","\t\tmobile_begin_with: [\"201\", \"202\", \"203\", \"205\", \"206\", \"207\", \"208\", \"209\", \"210\", \"212\", \"213\", \"214\", \"215\",","\t\t\t\"216\", \"217\", \"218\", \"219\", \"224\", \"225\", \"227\", \"228\", \"229\", \"231\", \"234\", \"239\", \"240\", \"248\", \"251\",","\t\t\t\"252\", \"253\", \"254\", \"256\", \"260\", \"262\", \"267\", \"269\", \"270\", \"272\", \"274\", \"276\", \"278\", \"281\", \"283\",","\t\t\t\"301\", \"302\", \"303\", \"304\", \"305\", \"307\", \"308\", \"309\", \"310\", \"312\", \"313\", \"314\", \"315\", \"316\", \"317\",","\t\t\t\"318\", \"319\", \"320\", \"321\", \"323\", \"325\", \"327\", \"330\", \"331\", \"334\", \"336\", \"337\", \"339\", \"341\", \"346\",","\t\t\t\"347\", \"351\", \"352\", \"360\", \"361\", \"364\", \"369\", \"380\", \"385\", \"386\", \"401\", \"402\", \"404\", \"405\", \"406\",","\t\t\t\"407\", \"408\", \"409\", \"410\", \"412\", \"413\", \"414\", \"415\", \"417\", \"419\", \"423\", \"424\", \"425\", \"430\", \"432\",","\t\t\t\"434\", \"435\", \"440\", \"442\", \"443\", \"445\", \"447\", \"458\", \"464\", \"469\", \"470\", \"475\", \"478\", \"479\", \"480\",","\t\t\t\"484\", \"501\", \"502\", \"503\", \"504\", \"505\", \"507\", \"508\", \"509\", \"510\", \"512\", \"513\", \"515\", \"516\", \"517\",","\t\t\t\"518\", \"520\", \"530\", \"531\", \"534\", \"539\", \"540\", \"541\", \"551\", \"557\", \"559\", \"561\", \"562\", \"563\", \"564\",","\t\t\t\"567\", \"570\", \"571\", \"573\", \"574\", \"575\", \"580\", \"582\", \"585\", \"586\", \"601\", \"602\", \"603\", \"605\", \"606\",","\t\t\t\"607\", \"608\", \"609\", \"610\", \"612\", \"614\", \"615\", \"616\", \"617\", \"618\", \"619\", \"620\", \"623\", \"626\", \"627\",","\t\t\t\"628\", \"630\", \"631\", \"636\", \"641\", \"646\", \"650\", \"651\", \"657\", \"659\", \"660\", \"661\", \"662\", \"667\", \"669\",","\t\t\t\"678\", \"679\", \"681\", \"682\", \"689\", \"701\", \"702\", \"703\", \"704\", \"706\", \"707\", \"708\", \"712\", \"713\", \"714\",","\t\t\t\"715\", \"716\", \"717\", \"718\", \"719\", \"720\", \"724\", \"725\", \"727\", \"730\", \"731\", \"732\", \"734\", \"737\", \"740\",","\t\t\t\"747\", \"752\", \"754\", \"757\", \"760\", \"762\", \"763\", \"764\", \"765\", \"769\", \"770\", \"772\", \"773\", \"774\", \"775\",","\t\t\t\"779\", \"781\", \"785\", \"786\", \"801\", \"802\", \"803\", \"804\", \"805\", \"806\", \"808\", \"810\", \"812\", \"813\", \"814\",","\t\t\t\"815\", \"816\", \"817\", \"818\", \"828\", \"830\", \"831\", \"832\", \"835\", \"843\", \"845\", \"847\", \"848\", \"850\", \"856\",","\t\t\t\"857\", \"858\", \"859\", \"860\", \"862\", \"863\", \"864\", \"865\", \"870\", \"872\", \"878\", \"901\", \"903\", \"904\", \"906\",","\t\t\t\"907\", \"908\", \"909\", \"910\", \"912\", \"913\", \"914\", \"915\", \"916\", \"917\", \"918\", \"919\", \"920\", \"925\", \"927\",","\t\t\t\"928\", \"929\", \"931\", \"935\", \"936\", \"937\", \"938\", \"940\", \"941\", \"947\", \"949\", \"951\", \"952\", \"954\", \"956\",","\t\t\t\"957\", \"959\", \"970\", \"971\", \"972\", \"973\", \"975\", \"978\", \"979\", \"980\", \"984\", \"985\", \"989\"],","\t\tphone_number_lengths: [10]","\t},","\t{","\t\talpha2: \"AW\",","\t\talpha3: \"ABW\",","\t\tcountry_code: \"297\",","\t\tcountry_name: \"Aruba\",","\t\tmobile_begin_with: [\"5\", \"6\", \"7\", \"9\"],","\t\tphone_number_lengths: [7]","\t},","\t{","\t\talpha2: \"AF\",","\t\talpha3: \"AFG\",","\t\tcountry_code: \"93\",","\t\tcountry_name: \"Afghanistan\",","\t\tmobile_begin_with: [\"7\"],","\t\tphone_number_lengths: [9]","\t},","\t{","\t\talpha2: \"AO\",","\t\talpha3: \"AGO\",","\t\tcountry_code: \"244\",","\t\tcountry_name: \"Angola\",","\t\tmobile_begin_with: [\"9\"],","\t\tphone_number_lengths: [9]","\t},","\t{","\t\talpha2: \"AI\",","\t\talpha3: \"AIA\",","\t\tcountry_code: \"1\",","\t\tcountry_name: \"Anguilla\",","\t\tmobile_begin_with: [\"2645\", \"2647\"],","\t\tphone_number_lengths: [10]","\t},","\t{","\t\talpha2: \"AX\",","\t\talpha3: \"ALA\",","\t\tcountry_code: \"358\",","\t\tcountry_name: \"Åland Islands\",","\t\tmobile_begin_with: [\"18\"],","\t\tphone_number_lengths: [6, 7, 8]","\t},","\t{","\t\talpha2: \"AL\",","\t\talpha3: \"ALB\",","\t\tcountry_code: \"355\",","\t\tcountry_name: \"Albania\",","\t\tmobile_begin_with: [\"6\"],","\t\tphone_number_lengths: [9]","\t},","\t{","\t\talpha2: \"AD\",","\t\talpha3: \"AND\",","\t\tcountry_code: \"376\",","\t\tcountry_name: \"Andorra\",","\t\tmobile_begin_with: [\"3\", \"4\", \"6\"],","\t\tphone_number_lengths: [6]","\t},","\t//{alpha2: \"AN\", alpha3: \"ANT\", country_code: \"599\", country_name: \"Netherlands Antilles\", mobile_begin_with: [], phone_number_lengths: []},","\t{","\t\talpha2: \"AE\",","\t\talpha3: \"ARE\",","\t\tcountry_code: \"971\",","\t\tcountry_name: \"United Arab Emirates\",","\t\tmobile_begin_with: [\"5\"],","\t\tphone_number_lengths: [9]","\t},","\t{","\t\talpha2: \"AR\",","\t\talpha3: \"ARG\",","\t\tcountry_code: \"54\",","\t\tcountry_name: \"Argentina\",","\t\tmobile_begin_with: [],","\t\tphone_number_lengths: [6, 7, 8, 9]","\t},","\t{","\t\talpha2: \"AM\",","\t\talpha3: \"ARM\",","\t\tcountry_code: \"374\",","\t\tcountry_name: \"Armenia\",","\t\tmobile_begin_with: [\"4\", \"5\", \"7\", \"9\"],","\t\tphone_number_lengths: [8]","\t},","\t// http://www.howtocallabroad.com/results.php?callfrom=united_states&callto=american_samoa","\t{","\t\talpha2: \"AS\",","\t\talpha3: \"ASM\",","\t\tcountry_code: \"1\",","\t\tcountry_name: \"American Samoa\",","\t\tmobile_begin_with: [\"684733\", \"684258\"],","\t\tphone_number_lengths: [10]","\t},","\t//{alpha2: \"AQ\", alpha3: \"ATA\", country_code: \"672\", country_name: \"Antarctica\", mobile_begin_with: [], phone_number_lengths: []},","\t//{alpha2: \"TF\", alpha3: \"ATF\", country_code: \"\", country_name: \"French Southern Territories\", mobile_begin_with: [], phone_number_lengths: []},","\t// http://www.howtocallabroad.com/results.php?callfrom=united_states&callto=antigua_barbuda","\t{","\t\talpha2: \"AG\",","\t\talpha3: \"ATG\",","\t\tcountry_code: \"1\",","\t\tcountry_name: \"Antigua and Barbuda\",","\t\tmobile_begin_with: [\"2687\"],","\t\tphone_number_lengths: [10]","\t},","\t{","\t\talpha2: \"AU\",","\t\talpha3: \"AUS\",","\t\tcountry_code: \"61\",","\t\tcountry_name: \"Australia\",","\t\tmobile_begin_with: [\"4\"],","\t\tphone_number_lengths: [9]","\t},","\t{","\t\talpha2: \"AT\",","\t\talpha3: \"AUT\",","\t\tcountry_code: \"43\",","\t\tcountry_name: \"Austria\",","\t\tmobile_begin_with: [\"6\"],","\t\tphone_number_lengths: [10, 11, 12, 13, 14]","\t},","\t{","\t\talpha2: \"AZ\",","\t\talpha3: \"AZE\",","\t\tcountry_code: \"994\",","\t\tcountry_name: \"Azerbaijan\",","\t\tmobile_begin_with: [\"4\", \"5\", \"6\", \"7\"],","\t\tphone_number_lengths: [9]","\t},","\t{","\t\talpha2: \"BI\",","\t\talpha3: \"BDI\",","\t\tcountry_code: \"257\",","\t\tcountry_name: \"Burundi\",","\t\tmobile_begin_with: [\"7\", \"29\"],","\t\tphone_number_lengths: [8]","\t},","\t{","\t\talpha2: \"BE\",","\t\talpha3: \"BEL\",","\t\tcountry_code: \"32\",","\t\tcountry_name: \"Belgium\",","\t\tmobile_begin_with: [\"4\"],","\t\tphone_number_lengths: [9]","\t},","\t{","\t\talpha2: \"BJ\",","\t\talpha3: \"BEN\",","\t\tcountry_code: \"229\",","\t\tcountry_name: \"Benin\",","\t\tmobile_begin_with: [\"9\"],","\t\tphone_number_lengths: [8]","\t},","\t{","\t\talpha2: \"BF\",","\t\talpha3: \"BFA\",","\t\tcountry_code: \"226\",","\t\tcountry_name: \"Burkina Faso\",","\t\tmobile_begin_with: [\"6\", \"7\"],","\t\tphone_number_lengths: [8]","\t},","\t{","\t\talpha2: \"BD\",","\t\talpha3: \"BGD\",","\t\tcountry_code: \"880\",","\t\tcountry_name: \"Bangladesh\",","\t\tmobile_begin_with: [\"1\"],","\t\tphone_number_lengths: [8, 9, 10]","\t},","\t{","\t\talpha2: \"BG\",","\t\talpha3: \"BGR\",","\t\tcountry_code: \"359\",","\t\tcountry_name: \"Bulgaria\",","\t\tmobile_begin_with: [\"87\", \"88\", \"89\", \"98\", \"99\", \"43\"],","\t\tphone_number_lengths: [8, 9]","\t},","\t{","\t\talpha2: \"BH\",","\t\talpha3: \"BHR\",","\t\tcountry_code: \"973\",","\t\tcountry_name: \"Bahrain\",","\t\tmobile_begin_with: [\"3\"],","\t\tphone_number_lengths: [8]","\t},","\t{","\t\talpha2: \"BS\",","\t\talpha3: \"BHS\",","\t\tcountry_code: \"1\",","\t\tcountry_name: \"Bahamas\",","\t\tmobile_begin_with: [\"242\"],","\t\tphone_number_lengths: [10]","\t},","\t{","\t\talpha2: \"BA\",","\t\talpha3: \"BIH\",","\t\tcountry_code: \"387\",","\t\tcountry_name: \"Bosnia and Herzegovina\",","\t\tmobile_begin_with: [\"6\"],","\t\tphone_number_lengths: [8]","\t},","\t//{alpha2: \"BL\", alpha3: \"BLM\", country_code: \"590\", country_name: \"Saint Barthélemy\", mobile_begin_with: [], phone_number_lengths: []},","\t{","\t\talpha2: \"BY\",","\t\talpha3: \"BLR\",","\t\tcountry_code: \"375\",","\t\tcountry_name: \"Belarus\",","\t\tmobile_begin_with: [\"25\", \"29\", \"33\", \"44\"],","\t\tphone_number_lengths: [9]","\t},","\t{","\t\talpha2: \"BZ\",","\t\talpha3: \"BLZ\",","\t\tcountry_code: \"501\",","\t\tcountry_name: \"Belize\",","\t\tmobile_begin_with: [\"6\"],","\t\tphone_number_lengths: [7]","\t},","\t// http://www.howtocallabroad.com/results.php?callfrom=united_states&callto=bermuda","\t{","\t\talpha2: \"BM\",","\t\talpha3: \"BMU\",","\t\tcountry_code: \"1\",","\t\tcountry_name: \"Bermuda\",","\t\tmobile_begin_with: [\"4413\", \"4415\", \"4417\"],","\t\tphone_number_lengths: [10]","\t},","\t{","\t\talpha2: \"BO\",","\t\talpha3: \"BOL\",","\t\tcountry_code: \"591\",","\t\tcountry_name: \"Bolivia\",","\t\tmobile_begin_with: [\"7\"],","\t\tphone_number_lengths: [8]","\t},","\t{","\t\talpha2: \"BR\", alpha3: \"BRA\", country_code: \"55\", country_name: \"Brazil\", mobile_begin_with: [","\t\t\"119\", \"129\", \"139\", \"149\", \"159\", \"169\", \"179\", \"189\", \"199\", \"219\", \"229\", \"249\", \"279\", \"289\", \"31\", \"32\",","\t\t\"34\", \"38\", \"41\", \"43\", \"44\", \"45\", \"47\", \"48\", \"51\", \"53\", \"54\", \"55\", \"61\", \"62\", \"65\", \"67\", \"68\", \"69\",","\t\t\"71\", \"73\", \"74\", \"75\", \"77\", \"79\", \"81\", \"82\", \"83\", \"84\", \"85\", \"86\", \"91\", \"92\", \"95\", \"96\", \"98\"","\t], phone_number_lengths: [10, 11]","\t},","\t{","\t\talpha2: \"BB\",","\t\talpha3: \"BRB\",","\t\tcountry_code: \"1\",","\t\tcountry_name: \"Barbados\",","\t\tmobile_begin_with: [246],","\t\tphone_number_lengths: [10]","\t},","\t{","\t\talpha2: \"BN\",","\t\talpha3: \"BRN\",","\t\tcountry_code: \"673\",","\t\tcountry_name: \"Brunei Darussalam\",","\t\tmobile_begin_with: [\"7\", \"8\"],","\t\tphone_number_lengths: [7]","\t},","\t{","\t\talpha2: \"BT\",","\t\talpha3: \"BTN\",","\t\tcountry_code: \"975\",","\t\tcountry_name: \"Bhutan\",","\t\tmobile_begin_with: [\"17\"],","\t\tphone_number_lengths: [8]","\t},","\t//{alpha2: \"BV\", alpha3: \"BVT\", country_code: \"\", country_name: \"Bouvet Island\", mobile_begin_with: [], phone_number_lengths: []},","\t{","\t\talpha2: \"BW\",","\t\talpha3: \"BWA\",","\t\tcountry_code: \"267\",","\t\tcountry_name: \"Botswana\",","\t\tmobile_begin_with: [\"71\", \"72\", \"73\", \"74\", \"75\", \"76\"],","\t\tphone_number_lengths: [8]","\t},","\t{","\t\talpha2: \"CF\",","\t\talpha3: \"CAF\",","\t\tcountry_code: \"236\",","\t\tcountry_name: \"Central African Republic\",","\t\tmobile_begin_with: [\"7\"],","\t\tphone_number_lengths: [8]","\t},","","\t// http://www.howtocallabroad.com/canada/","\t// http://areacode.org/","\t// http://countrycode.org/canada","\t{","\t\talpha2: \"CA\", alpha3: \"CAN\", country_code: \"1\", country_name: \"Canada\",","\t\tmobile_begin_with: [\"204\", \"226\", \"236\", \"249\", \"250\", \"289\", \"306\", \"343\", \"365\", \"403\", \"416\", \"418\", \"431\",","\t\t\t\"437\", \"438\", \"450\", \"506\", \"514\", \"519\", \"579\", \"581\", \"587\", \"600\", \"604\", \"613\", \"639\", \"647\", \"705\",","\t\t\t\"709\", \"778\", \"780\", \"807\", \"819\", \"867\", \"873\", \"902\", \"905\"], phone_number_lengths: [10]","\t},","\t//{alpha2: \"CC\", alpha3: \"CCK\", country_code: \"61\", country_name: \"Cocos (Keeling) Islands\", mobile_begin_with: [], phone_number_lengths: []},","\t{","\t\talpha2: \"CH\",","\t\talpha3: \"CHE\",","\t\tcountry_code: \"41\",","\t\tcountry_name: \"Switzerland\",","\t\tmobile_begin_with: [\"7\"],","\t\tphone_number_lengths: [9]","\t},","\t{","\t\talpha2: \"CL\",","\t\talpha3: \"CHL\",","\t\tcountry_code: \"56\",","\t\tcountry_name: \"Chile\",","\t\tmobile_begin_with: [\"9\"],","\t\tphone_number_lengths: [9]","\t},","\t{","\t\talpha2: \"CN\",","\t\talpha3: \"CHN\",","\t\tcountry_code: \"86\",","\t\tcountry_name: \"China\",","\t\tmobile_begin_with: [\"13\", \"14\", \"15\", \"17\", \"18\"],","\t\tphone_number_lengths: [11]","\t},","\t{","\t\talpha2: \"CI\",","\t\talpha3: \"CIV\",","\t\tcountry_code: \"225\",","\t\tcountry_name: \"Côte D'Ivoire\",","\t\tmobile_begin_with: [\"0\", \"4\", \"5\", \"6\"],","\t\tphone_number_lengths: [8]","\t},","\t{","\t\talpha2: \"CM\",","\t\talpha3: \"CMR\",","\t\tcountry_code: \"237\",","\t\tcountry_name: \"Cameroon\",","\t\tmobile_begin_with: [\"7\", \"9\"],","\t\tphone_number_lengths: [8]","\t},","\t{","\t\talpha2: \"CD\",","\t\talpha3: \"COD\",","\t\tcountry_code: \"243\",","\t\tcountry_name: \"Congo, The Democratic Republic Of The\",","\t\tmobile_begin_with: [\"8\", \"9\"],","\t\tphone_number_lengths: [9]","\t},","\t{","\t\talpha2: \"CG\",","\t\talpha3: \"COG\",","\t\tcountry_code: \"242\",","\t\tcountry_name: \"Congo\",","\t\tmobile_begin_with: [\"0\"],","\t\tphone_number_lengths: [9]","\t},","\t{","\t\talpha2: \"CK\",","\t\talpha3: \"COK\",","\t\tcountry_code: \"682\",","\t\tcountry_name: \"Cook Islands\",","\t\tmobile_begin_with: [\"5\", \"7\"],","\t\tphone_number_lengths: [5]","\t},","\t{","\t\talpha2: \"CO\",","\t\talpha3: \"COL\",","\t\tcountry_code: \"57\",","\t\tcountry_name: \"Colombia\",","\t\tmobile_begin_with: [\"3\"],","\t\tphone_number_lengths: [10]","\t},","\t{","\t\talpha2: \"KM\",","\t\talpha3: \"COM\",","\t\tcountry_code: \"269\",","\t\tcountry_name: \"Comoros\",","\t\tmobile_begin_with: [\"3\", \"76\"],","\t\tphone_number_lengths: [7]","\t},","\t{","\t\talpha2: \"CV\",","\t\talpha3: \"CPV\",","\t\tcountry_code: \"238\",","\t\tcountry_name: \"Cape Verde\",","\t\tmobile_begin_with: [\"5\", \"9\"],","\t\tphone_number_lengths: [7]","\t},","\t{","\t\talpha2: \"CR\",","\t\talpha3: \"CRI\",","\t\tcountry_code: \"506\",","\t\tcountry_name: \"Costa Rica\",","\t\tmobile_begin_with: [\"5\", \"6\", \"7\", \"8\"],","\t\tphone_number_lengths: [8]","\t},","\t{","\t\talpha2: \"CU\",","\t\talpha3: \"CUB\",","\t\tcountry_code: \"53\",","\t\tcountry_name: \"Cuba\",","\t\tmobile_begin_with: [\"5\"],","\t\tphone_number_lengths: [8]","\t},","\t//{alpha2: \"CX\", alpha3: \"CXR\", country_code: \"61\", country_name: \"Christmas Island\", mobile_begin_with: [], phone_number_lengths: []},","\t{","\t\talpha2: \"KY\",","\t\talpha3: \"CYM\",","\t\tcountry_code: \"1\",","\t\tcountry_name: \"Cayman Islands\",","\t\tmobile_begin_with: [\"345\"],","\t\tphone_number_lengths: [10]","\t},","\t{","\t\talpha2: \"CY\",","\t\talpha3: \"CYP\",","\t\tcountry_code: \"357\",","\t\tcountry_name: \"Cyprus\",","\t\tmobile_begin_with: [\"9\"],","\t\tphone_number_lengths: [8]","\t},","\t{","\t\talpha2: \"CZ\",","\t\talpha3: \"CZE\",","\t\tcountry_code: \"420\",","\t\tcountry_name: \"Czech Republic\",","\t\tmobile_begin_with: [\"6\", \"7\"],","\t\tphone_number_lengths: [9]","\t},","\t{","\t\talpha2: \"DE\",","\t\talpha3: \"DEU\",","\t\tcountry_code: \"49\",","\t\tcountry_name: \"Germany\",","\t\tmobile_begin_with: [\"15\", \"16\", \"17\"],","\t\tphone_number_lengths: [10, 11]","\t},","\t{","\t\talpha2: \"DJ\",","\t\talpha3: \"DJI\",","\t\tcountry_code: \"253\",","\t\tcountry_name: \"Djibouti\",","\t\tmobile_begin_with: [\"77\"],","\t\tphone_number_lengths: [8]","\t},","\t{","\t\talpha2: \"DM\",","\t\talpha3: \"DMA\",","\t\tcountry_code: \"1\",","\t\tcountry_name: \"Dominica\",","\t\tmobile_begin_with: [\"767\"],","\t\tphone_number_lengths: [10]","\t},","\t{","\t\talpha2: \"DK\",","\t\talpha3: \"DNK\",","\t\tcountry_code: \"45\",","\t\tcountry_name: \"Denmark\",","\t\tmobile_begin_with: [\"2\", \"30\", \"31\", \"40\", \"41\", \"42\", \"50\", \"51\", \"52\", \"53\", \"60\", \"61\", \"71\", \"81\", \"91\", \"92\", \"93\"],","\t\tphone_number_lengths: [8]","\t},","\t{","\t\talpha2: \"DO\",","\t\talpha3: \"DOM\",","\t\tcountry_code: \"1\",","\t\tcountry_name: \"Dominican Republic\",","\t\tmobile_begin_with: [\"809\", \"829\", \"849\"],","\t\tphone_number_lengths: [10]","\t},","\t{","\t\talpha2: \"DZ\",","\t\talpha3: \"DZA\",","\t\tcountry_code: \"213\",","\t\tcountry_name: \"Algeria\",","\t\tmobile_begin_with: [\"5\", \"6\", \"7\"],","\t\tphone_number_lengths: [9]","\t},","\t{","\t\talpha2: \"EC\",","\t\talpha3: \"ECU\",","\t\tcountry_code: \"593\",","\t\tcountry_name: \"Ecuador\",","\t\tmobile_begin_with: [\"9\"],","\t\tphone_number_lengths: [9]","\t},","\t{","\t\talpha2: \"EG\",","\t\talpha3: \"EGY\",","\t\tcountry_code: \"20\",","\t\tcountry_name: \"Egypt\",","\t\tmobile_begin_with: [\"1\"],","\t\tphone_number_lengths: [10]","\t},","\t{","\t\talpha2: \"ER\",","\t\talpha3: \"ERI\",","\t\tcountry_code: \"291\",","\t\tcountry_name: \"Eritrea\",","\t\tmobile_begin_with: [\"1\", \"7\", \"8\"],","\t\tphone_number_lengths: [7]","\t},","\t//{alpha2: \"EH\", alpha3: \"ESH\", country_code: \"212
[...]
 \"Pakistan\",","\t\tmobile_begin_with: [\"3\"],","\t\tphone_number_lengths: [10]","\t},","\t{","\t\talpha2: \"PA\",","\t\talpha3: \"PAN\",","\t\tcountry_code: \"507\",","\t\tcountry_name: \"Panama\",","\t\tmobile_begin_with: [\"5\", \"6\"],","\t\tphone_number_lengths: [8]","\t},","\t//{alpha2: \"PN\", alpha3: \"PCN\", country_code: \"\", country_name: \"Pitcairn\", mobile_begin_with: [], phone_number_lengths: []},","\t{","\t\talpha2: \"PE\",","\t\talpha3: \"PER\",","\t\tcountry_code: \"51\",","\t\tcountry_name: \"Peru\",","\t\tmobile_begin_with: [\"9\"],","\t\tphone_number_lengths: [9]","\t},","\t{","\t\talpha2: \"PH\",","\t\talpha3: \"PHL\",","\t\tcountry_code: \"63\",","\t\tcountry_name: \"Philippines\",","\t\tmobile_begin_with: [\"9\"],","\t\tphone_number_lengths: [10]","\t},","\t{","\t\talpha2: \"PW\",","\t\talpha3: \"PLW\",","\t\tcountry_code: \"680\",","\t\tcountry_name: \"Palau\",","\t\tmobile_begin_with: [],","\t\tphone_number_lengths: [7]","\t},","\t{","\t\talpha2: \"PG\",","\t\talpha3: \"PNG\",","\t\tcountry_code: \"675\",","\t\tcountry_name: \"Papua New Guinea\",","\t\tmobile_begin_with: [\"7\"],","\t\tphone_number_lengths: [8]","\t},","\t{","\t\talpha2: \"PL\",","\t\talpha3: \"POL\",","\t\tcountry_code: \"48\",","\t\tcountry_name: \"Poland\",","\t\tmobile_begin_with: [\"4\", \"5\", \"6\", \"7\", \"8\"],","\t\tphone_number_lengths: [9]","\t},","\t{","\t\talpha2: \"PR\",","\t\talpha3: \"PRI\",","\t\tcountry_code: \"1\",","\t\tcountry_name: \"Puerto Rico\",","\t\tmobile_begin_with: [\"787\", \"939\"],","\t\tphone_number_lengths: [10]","\t},","\t//{alpha2: \"KP\", alpha3: \"PRK\", country_code: \"850\", country_name: \"Korea, Democratic People's Republic Of\", mobile_begin_with: [], phone_number_lengths: []},","\t{","\t\talpha2: \"PT\",","\t\talpha3: \"PRT\",","\t\tcountry_code: \"351\",","\t\tcountry_name: \"Portugal\",","\t\tmobile_begin_with: [\"9\"],","\t\tphone_number_lengths: [9]","\t},","\t{","\t\talpha2: \"PY\",","\t\talpha3: \"PRY\",","\t\tcountry_code: \"595\",","\t\tcountry_name: \"Paraguay\",","\t\tmobile_begin_with: [\"9\"],","\t\tphone_number_lengths: [9]","\t},","\t{","\t\talpha2: \"PS\",","\t\talpha3: \"PSE\",","\t\tcountry_code: \"970\",","\t\tcountry_name: \"Palestinian Territory, Occupied\",","\t\tmobile_begin_with: [\"5\"],","\t\tphone_number_lengths: [9]","\t},","\t{","\t\talpha2: \"PF\",","\t\talpha3: \"PYF\",","\t\tcountry_code: \"689\",","\t\tcountry_name: \"French Polynesia\",","\t\tmobile_begin_with: [],","\t\tphone_number_lengths: [6]","\t},","\t{","\t\talpha2: \"QA\",","\t\talpha3: \"QAT\",","\t\tcountry_code: \"974\",","\t\tcountry_name: \"Qatar\",","\t\tmobile_begin_with: [\"3\", \"5\", \"6\", \"7\"],","\t\tphone_number_lengths: [8]","\t},","\t{","\t\talpha2: \"RE\",","\t\talpha3: \"REU\",","\t\tcountry_code: \"262\",","\t\tcountry_name: \"Réunion\",","\t\tmobile_begin_with: [\"692\", \"693\"],","\t\tphone_number_lengths: [9]","\t},","\t{","\t\talpha2: \"RO\",","\t\talpha3: \"ROU\",","\t\tcountry_code: \"40\",","\t\tcountry_name: \"Romania\",","\t\tmobile_begin_with: [\"7\"],","\t\tphone_number_lengths: [9]","\t},","\t{","\t\talpha2: \"RU\",","\t\talpha3: \"RUS\",","\t\tcountry_code: \"7\",","\t\tcountry_name: \"Russian Federation\",","\t\tmobile_begin_with: [\"9\"],","\t\tphone_number_lengths: [10]","\t},","\t{","\t\talpha2: \"RW\",","\t\talpha3: \"RWA\",","\t\tcountry_code: \"250\",","\t\tcountry_name: \"Rwanda\",","\t\tmobile_begin_with: [\"7\"],","\t\tphone_number_lengths: [9]","\t},","\t{","\t\talpha2: \"SA\",","\t\talpha3: \"SAU\",","\t\tcountry_code: \"966\",","\t\tcountry_name: \"Saudi Arabia\",","\t\tmobile_begin_with: [\"5\"],","\t\tphone_number_lengths: [9]","\t},","\t{","\t\talpha2: \"SD\",","\t\talpha3: \"SDN\",","\t\tcountry_code: \"249\",","\t\tcountry_name: \"Sudan\",","\t\tmobile_begin_with: [\"9\"],","\t\tphone_number_lengths: [9]","\t},","\t{","\t\talpha2: \"SN\",","\t\talpha3: \"SEN\",","\t\tcountry_code: \"221\",","\t\tcountry_name: \"Senegal\",","\t\tmobile_begin_with: [\"7\"],","\t\tphone_number_lengths: [9]","\t},","\t{","\t\talpha2: \"SG\",","\t\talpha3: \"SGP\",","\t\tcountry_code: \"65\",","\t\tcountry_name: \"Singapore\",","\t\tmobile_begin_with: [\"8\", \"9\"],","\t\tphone_number_lengths: [8]","\t},","\t//{alpha2: \"GS\", alpha3: \"SGS\", country_code: \"500\", country_name: \"South Georgia and the South Sandwich Islands\", mobile_begin_with: [], phone_number_lengths: []},","\t{","\t\talpha2: \"SH\",","\t\talpha3: \"SHN\",","\t\tcountry_code: \"290\",","\t\tcountry_name: \"Saint Helena\",","\t\tmobile_begin_with: [],","\t\tphone_number_lengths: [4]","\t},","\t{","\t\talpha2: \"SJ\",","\t\talpha3: \"SJM\",","\t\tcountry_code: \"47\",","\t\tcountry_name: \"Svalbard And Jan Mayen\",","\t\tmobile_begin_with: [],","\t\tphone_number_lengths: [8]","\t},","\t{","\t\talpha2: \"SB\",","\t\talpha3: \"SLB\",","\t\tcountry_code: \"677\",","\t\tcountry_name: \"Solomon Islands\",","\t\tmobile_begin_with: [\"7\", \"8\"],","\t\tphone_number_lengths: [7]","\t},","\t{","\t\talpha2: \"SL\",","\t\talpha3: \"SLE\",","\t\tcountry_code: \"232\",","\t\tcountry_name: \"Sierra Leone\",","\t\tmobile_begin_with: [\"21\", \"25\", \"30\", \"33\", \"34\", \"40\", \"44\", \"50\", \"55\", \"76\", \"77\", \"78\", \"79\", \"88\"],","\t\tphone_number_lengths: [8]","\t},","\t{","\t\talpha2: \"SV\",","\t\talpha3: \"SLV\",","\t\tcountry_code: \"503\",","\t\tcountry_name: \"El Salvador\",","\t\tmobile_begin_with: [\"7\"],","\t\tphone_number_lengths: [8]","\t},","\t{","\t\talpha2: \"SM\",","\t\talpha3: \"SMR\",","\t\tcountry_code: \"378\",","\t\tcountry_name: \"San Marino\",","\t\tmobile_begin_with: [\"3\", \"6\"],","\t\tphone_number_lengths: [10]","\t},","\t{","\t\talpha2: \"SO\",","\t\talpha3: \"SOM\",","\t\tcountry_code: \"252\",","\t\tcountry_name: \"Somalia\",","\t\tmobile_begin_with: [\"9\"],","\t\tphone_number_lengths: [8]","\t},","\t{","\t\talpha2: \"SX\",","\t\talpha3: \"SXM\",","\t\tcountry_code: \"1\",","\t\tcountry_name: \"Sint Maarten\",","\t\tmobile_begin_with: [\"721\"],","\t\tphone_number_lengths: [10]","\t},","\t{","\t\talpha2: \"PM\",","\t\talpha3: \"SPM\",","\t\tcountry_code: \"508\",","\t\tcountry_name: \"Saint Pierre And Miquelon\",","\t\tmobile_begin_with: [\"55\"],","\t\tphone_number_lengths: [6]","\t},","\t{","\t\talpha2: \"RS\",","\t\talpha3: \"SRB\",","\t\tcountry_code: \"381\",","\t\tcountry_name: \"Serbia\",","\t\tmobile_begin_with: [\"6\"],","\t\tphone_number_lengths: [8, 9]","\t},","\t{","\t\talpha2: \"ST\",","\t\talpha3: \"STP\",","\t\tcountry_code: \"239\",","\t\tcountry_name: \"Sao Tome and Principe\",","\t\tmobile_begin_with: [\"98\", \"99\"],","\t\tphone_number_lengths: [7]","\t},","\t{","\t\talpha2: \"SR\",","\t\talpha3: \"SUR\",","\t\tcountry_code: \"597\",","\t\tcountry_name: \"Suriname\",","\t\tmobile_begin_with: [\"6\", \"7\", \"8\"],","\t\tphone_number_lengths: [7]","\t},","\t{","\t\talpha2: \"SK\",","\t\talpha3: \"SVK\",","\t\tcountry_code: \"421\",","\t\tcountry_name: \"Slovakia\",","\t\tmobile_begin_with: [\"9\"],","\t\tphone_number_lengths: [9]","\t},","\t{","\t\talpha2: \"SI\",","\t\talpha3: \"SVN\",","\t\tcountry_code: \"386\",","\t\tcountry_name: \"Slovenia\",","\t\tmobile_begin_with: [\"3\", \"4\", \"5\", \"6\", \"7\"],","\t\tphone_number_lengths: [8]","\t},","\t{","\t\talpha2: \"SE\",","\t\talpha3: \"SWE\",","\t\tcountry_code: \"46\",","\t\tcountry_name: \"Sweden\",","\t\tmobile_begin_with: [\"7\"],","\t\tphone_number_lengths: [9]","\t},","\t//{alpha2: \"SZ\", alpha3: \"SWZ\", country_code: \"268\", country_name: \"Swaziland\", mobile_begin_with: [], phone_number_lengths: []},","\t{","\t\talpha2: \"SC\",","\t\talpha3: \"SYC\",","\t\tcountry_code: \"248\",","\t\tcountry_name: \"Seychelles\",","\t\tmobile_begin_with: [\"2\"],","\t\tphone_number_lengths: [7]","\t},","\t{","\t\talpha2: \"SY\",","\t\talpha3: \"SYR\",","\t\tcountry_code: \"963\",","\t\tcountry_name: \"Syrian Arab Republic\",","\t\tmobile_begin_with: [\"9\"],","\t\tphone_number_lengths: [9]","\t},","\t// http://www.howtocallabroad.com/turks-caicos/","\t{","\t\talpha2: \"TC\",","\t\talpha3: \"TCA\",","\t\tcountry_code: \"1\",","\t\tcountry_name: \"Turks and Caicos Islands\",","\t\tmobile_begin_with: [\"6492\", \"6493\", \"6494\"],","\t\tphone_number_lengths: [10]","\t},","\t{","\t\talpha2: \"TD\",","\t\talpha3: \"TCD\",","\t\tcountry_code: \"235\",","\t\tcountry_name: \"Chad\",","\t\tmobile_begin_with: [\"6\", \"7\", \"9\"],","\t\tphone_number_lengths: [8]","\t},","\t{","\t\talpha2: \"TG\",","\t\talpha3: \"TGO\",","\t\tcountry_code: \"228\",","\t\tcountry_name: \"Togo\",","\t\tmobile_begin_with: [\"9\"],","\t\tphone_number_lengths: [8]","\t},","\t{","\t\talpha2: \"TH\",","\t\talpha3: \"THA\",","\t\tcountry_code: \"66\",","\t\tcountry_name: \"Thailand\",","\t\tmobile_begin_with: [\"6\", \"8\", \"9\"],","\t\tphone_number_lengths: [9]","\t},","\t{","\t\talpha2: \"TJ\",","\t\talpha3: \"TJK\",","\t\tcountry_code: \"992\",","\t\tcountry_name: \"Tajikistan\",","\t\tmobile_begin_with: [\"9\"],","\t\tphone_number_lengths: [9]","\t},","\t{","\t\talpha2: \"TK\",","\t\talpha3: \"TKL\",","\t\tcountry_code: \"690\",","\t\tcountry_name: \"Tokelau\",","\t\tmobile_begin_with: [],","\t\tphone_number_lengths: [4]","\t},","\t{","\t\talpha2: \"TM\",","\t\talpha3: \"TKM\",","\t\tcountry_code: \"993\",","\t\tcountry_name: \"Turkmenistan\",","\t\tmobile_begin_with: [\"6\"],","\t\tphone_number_lengths: [8]","\t},","\t{","\t\talpha2: \"TL\",","\t\talpha3: \"TLS\",","\t\tcountry_code: \"670\",","\t\tcountry_name: \"Timor-Leste\",","\t\tmobile_begin_with: [\"7\"],","\t\tphone_number_lengths: [8]","\t},","\t{","\t\talpha2: \"TO\",","\t\talpha3: \"TON\",","\t\tcountry_code: \"676\",","\t\tcountry_name: \"Tonga\",","\t\tmobile_begin_with: [],","\t\tphone_number_lengths: [5]","\t},","\t{","\t\talpha2: \"TT\",","\t\talpha3: \"TTO\",","\t\tcountry_code: \"1\",","\t\tcountry_name: \"Trinidad and Tobago\",","\t\tmobile_begin_with: [\"868\"],","\t\tphone_number_lengths: [10]","\t},","\t{","\t\talpha2: \"TN\",","\t\talpha3: \"TUN\",","\t\tcountry_code: \"216\",","\t\tcountry_name: \"Tunisia\",","\t\tmobile_begin_with: [\"2\", \"9\"],","\t\tphone_number_lengths: [8]","\t},","\t{","\t\talpha2: \"TR\",","\t\talpha3: \"TUR\",","\t\tcountry_code: \"90\",","\t\tcountry_name: \"Turkey\",","\t\tmobile_begin_with: [\"5\"],","\t\tphone_number_lengths: [10]","\t},","\t{","\t\talpha2: \"TV\",","\t\talpha3: \"TUV\",","\t\tcountry_code: \"688\",","\t\tcountry_name: \"Tuvalu\",","\t\tmobile_begin_with: [],","\t\tphone_number_lengths: [5]","\t},","\t{","\t\talpha2: \"TW\",","\t\talpha3: \"TWN\",","\t\tcountry_code: \"886\",","\t\tcountry_name: \"Taiwan, Province Of China\",","\t\tmobile_begin_with: [\"9\"],","\t\tphone_number_lengths: [9]","\t},","\t{","\t\talpha2: \"TZ\",","\t\talpha3: \"TZA\",","\t\tcountry_code: \"255\",","\t\tcountry_name: \"Tanzania, United Republic of\",","\t\tmobile_begin_with: [\"7\", \"6\"],","\t\tphone_number_lengths: [9]","\t},","\t{","\t\talpha2: \"UG\",","\t\talpha3: \"UGA\",","\t\tcountry_code: \"256\",","\t\tcountry_name: \"Uganda\",","\t\tmobile_begin_with: [\"7\"],","\t\tphone_number_lengths: [9]","\t},","\t{","\t\talpha2: \"UA\",","\t\talpha3: \"UKR\",","\t\tcountry_code: \"380\",","\t\tcountry_name: \"Ukraine\",","\t\tmobile_begin_with: [\"39\", \"50\", \"63\", \"66\", \"67\", \"68\", \"9\"],","\t\tphone_number_lengths: [9]","\t},","\t//{alpha2: \"UM\", alpha3: \"UMI\", country_code: \"\", country_name: \"United States Minor Outlying Islands\", mobile_begin_with: [], phone_number_lengths: []},","\t{","\t\talpha2: \"UY\",","\t\talpha3: \"URY\",","\t\tcountry_code: \"598\",","\t\tcountry_name: \"Uruguay\",","\t\tmobile_begin_with: [\"9\"],","\t\tphone_number_lengths: [8]","\t},","\t{","\t\talpha2: \"UZ\",","\t\talpha3: \"UZB\",","\t\tcountry_code: \"998\",","\t\tcountry_name: \"Uzbekistan\",","\t\tmobile_begin_with: [\"9\"],","\t\tphone_number_lengths: [9]","\t},","\t//{alpha2: \"VA\", alpha3: \"VAT\", country_code: \"39\", country_name: \"Holy See (Vatican City State)\", mobile_begin_with: [], phone_number_lengths: []},","\t{","\t\talpha2: \"VC\",","\t\talpha3: \"VCT\",","\t\tcountry_code: \"1\",","\t\tcountry_name: \"Saint Vincent And The Grenedines\",","\t\tmobile_begin_with: [\"784\"],","\t\tphone_number_lengths: [10]","\t},","\t{","\t\talpha2: \"VE\",","\t\talpha3: \"VEN\",","\t\tcountry_code: \"58\",","\t\tcountry_name: \"Venezuela, Bolivarian Republic of\",","\t\tmobile_begin_with: [\"4\"],","\t\tphone_number_lengths: [10]","\t},","\t{","\t\talpha2: \"VG\",","\t\talpha3: \"VGB\",","\t\tcountry_code: \"1\",","\t\tcountry_name: \"Virgin Islands, British\",","\t\tmobile_begin_with: [\"284\"],","\t\tphone_number_lengths: [10]","\t},","\t{","\t\talpha2: \"VI\",","\t\talpha3: \"VIR\",","\t\tcountry_code: \"1\",","\t\tcountry_name: \"Virgin Islands, U.S.\",","\t\tmobile_begin_with: [\"340\"],","\t\tphone_number_lengths: [10]","\t},","\t{","\t\talpha2: \"VN\",","\t\talpha3: \"VNM\",","\t\tcountry_code: \"84\",","\t\tcountry_name: \"Viet Nam\",","\t\tmobile_begin_with: [\"9\", \"1\"],","\t\tphone_number_lengths: [9, 10]","\t},","\t{","\t\talpha2: \"VU\",","\t\talpha3: \"VUT\",","\t\tcountry_code: \"678\",","\t\tcountry_name: \"Vanuatu\",","\t\tmobile_begin_with: [\"5\", \"7\"],","\t\tphone_number_lengths: [7]","\t},","\t{","\t\talpha2: \"WF\",","\t\talpha3: \"WLF\",","\t\tcountry_code: \"681\",","\t\tcountry_name: \"Wallis and Futuna\",","\t\tmobile_begin_with: [],","\t\tphone_number_lengths: [6]","\t},","\t{","\t\talpha2: \"WS\",","\t\talpha3: \"WSM\",","\t\tcountry_code: \"685\",","\t\tcountry_name: \"Samoa\",","\t\tmobile_begin_with: [\"7\"],","\t\tphone_number_lengths: [7]","\t},","\t{","\t\talpha2: \"YE\",","\t\talpha3: \"YEM\",","\t\tcountry_code: \"967\",","\t\tcountry_name: \"Yemen\",","\t\tmobile_begin_with: [\"7\"],","\t\tphone_number_lengths: [9]","\t},","\t{","\t\talpha2: \"ZA\",","\t\talpha3: \"ZAF\",","\t\tcountry_code: \"27\",","\t\tcountry_name: \"South Africa\",","\t\tmobile_begin_with: [\"6\", \"7\", \"8\"],","\t\tphone_number_lengths: [9]","\t},","\t{","\t\talpha2: \"ZM\",","\t\talpha3: \"ZMB\",","\t\tcountry_code: \"260\",","\t\tcountry_name: \"Zambia\",","\t\tmobile_begin_with: [\"9\"],","\t\tphone_number_lengths: [9]","\t},","\t{","\t\talpha2: \"ZW\",","\t\talpha3: \"ZWE\",","\t\tcountry_code: \"263\",","\t\tcountry_name: \"Zimbabwe\",","\t\tmobile_begin_with: [\"71\", \"73\", \"77\"],","\t\tphone_number_lengths: [9]","\t}","];","","function getISO3166(country) {","\t// assign default to USA country first","\tvar iso3166 = {};","\tvar upper_case_country = country.toUpperCase();","","\tswitch (country.length) {","\t\tcase 0:","\t\t\tiso3166 = iso3166_data[0];","\t\t\tbreak;","\t\tcase 2:","\t\t\tiso3166_data.every(function (iso3166_datum) {","\t\t\t\tif (upper_case_country === iso3166_datum.alpha2) {","\t\t\t\t\tiso3166 = iso3166_datum;","\t\t\t\t\treturn false;","\t\t\t\t}","","\t\t\t\treturn true;","\t\t\t});","\t\t\tbreak;","\t\tcase 3:","\t\t\tiso3166_data.every(function (iso3166_datum) {","\t\t\t\tif (upper_case_country === iso3166_datum.alpha3) {","\t\t\t\t\tiso3166 = iso3166_datum;","\t\t\t\t\treturn false;","\t\t\t\t}","","\t\t\t\treturn true;","\t\t\t});","\t\t\tbreak;","\t\tdefault:","\t\t\tiso3166_data.every(function (iso3166_datum) {","\t\t\t\tif (upper_case_country === iso3166_datum.country_name.toUpperCase()) {","\t\t\t\t\tiso3166 = iso3166_datum;","\t\t\t\t\treturn false;","\t\t\t\t}","","\t\t\t\treturn true;","\t\t\t});","\t}","","\treturn iso3166;","}","","function get_iso3166_by_phone(phone) {","\tvar iso3166 = {};","","\tiso3166_data.every(function (iso3166_datum) {","\t\tvar regex = new RegExp('^' + iso3166_datum.country_code);","","\t\treturn iso3166_datum.phone_number_lengths.every(function (phone_number_length) {","\t\t\tif (phone.match(regex) && phone.length === iso3166_datum.country_code.length + phone_number_length) {","\t\t\t\t// it match.. but may have more than one result.","\t\t\t\t// e.g. USA and Canada. need to check mobile_begin_with","\t\t\t\treturn iso3166_datum.mobile_begin_with.every(function (mobile_begin_with) {","\t\t\t\t\tif (phone.match(new RegExp('^' + iso3166_datum.country_code + mobile_begin_with))) {","\t\t\t\t\t\tiso3166 = iso3166_datum;","\t\t\t\t\t\treturn false;","\t\t\t\t\t}","","\t\t\t\t\treturn true;","\t\t\t\t});","\t\t\t}","","\t\t\treturn true;","\t\t});","\t});","","\treturn iso3166;","}","","function validate_phone_iso3166(phone, iso3166) {","\tphone = phone.replace(new RegExp('^' + iso3166.country_code), '');","","\tif (!iso3166.phone_number_lengths) {","\t\treturn false;","\t}","","\treturn iso3166.phone_number_lengths.some(function (phone_number_length) {","\t\tif (phone.length === phone_number_length) {","\t\t\treturn iso3166.mobile_begin_with.some(function (mobile_begin_with) {","\t\t\t\treturn phone.match(new RegExp('^' + mobile_begin_with));","\t\t\t});","\t\t}","","\t\treturn false;","\t});","}","","/**"," *"," * 1. If no \"+\" sign, must treat as USA phone"," * @param phone"," * @param country"," * @returns []"," */","","module.exports = function (phone, country) {","\tvar result = [];","","\tphone = (phone === null || typeof(phone) !== 'string') ? '' : phone.trim();","\tcountry = (country === null || typeof(country) !== 'string') ? '' : country.trim();","","\tvar plus_sign = false;","","\tif (phone.match(/^\\+/)) {","\t\tplus_sign = true;","\t}","","\t// remove any non-digit character, included the +","\tphone = phone.replace(/\\D/g, '');","","\tvar iso3166 = getISO3166(country); // if no country, default is USA","","","\tif (Object.keys(iso3166).length === 0) {","\t\treturn result;","\t}","","\tif (country) {","\t\t// remove leading 0s for all countries except 'GAB', 'CIV', 'COG'","\t\tif (['GAB', 'CIV', 'COG'].indexOf(iso3166.alpha3) === -1) {","\t\t\tphone = phone.replace(/^0+/, '');","\t\t}","","\t\t// if input 89234567890, RUS, remove the 8","\t\tif (iso3166.alpha3 === 'RUS' && phone.length === 11 && phone.match(/^89/) !== null) {","\t\t\tphone = phone.replace(/^8+/, '');","\t\t}","","","\t\tif (plus_sign) {","\t\t\t// D is here.","\t\t} else {","\t\t\t// C: have country, no plus sign --->","\t\t\t//\tcase 1","\t\t\t//\t\tcheck phone_number_length == phone.length","\t\t\t//\t\tadd back the country code","\t\t\t//\tcase 2","\t\t\t//\t\tphone_number_length+phone_country_code.length == phone.length","\t\t\t//\t\tthen go to D","\t\t\tif (iso3166.phone_number_lengths.indexOf(phone.length) !== -1) {","\t\t\t\tphone = iso3166.country_code + phone;","\t\t\t}","\t\t}","\t} else {","\t\tif (plus_sign) {","\t\t\t// A: no country, have plus sign --> lookup country_code, length, and get the iso3166 directly","\t\t\t// also validation is done here. so, the iso3166 is the matched result.","\t\t\tiso3166 = get_iso3166_by_phone(phone);","\t\t} else {","\t\t\t// B: no country, no plus sign --> treat it as USA","\t\t\t// 1. check length if == 11, or 10, if 10, add +1, then go go D","\t\t\t// no plus sign, no country is given. then it must be USA","\t\t\t// iso3166 = iso3166_data[0]; already assign by the default value","\t\t\tif (iso3166.phone_number_lengths.indexOf(phone.length) !== -1) {","\t\t\t\tphone = '1' + phone;","\t\t\t}","\t\t}","\t}","","\tif (validate_phone_iso3166(phone, iso3166)) {","\t\treturn ['+' + phone, iso3166.alpha3];","\t}","\treturn result;","};",""],"l":{"1":1,"3":1,"1874":1,"1876":0,"1877":0,"1879":0,"1881":0,"1882":0,"1884":0,"1885":0,"1886":0,"1887":0,"1890":0,"1892":0,"1894":0,"1895":0,"1896":0,"1897":0,"1900":0,"1902":0,"1904":0,"1905":0,"1906":0,"1907":0,"1910":0,"1914":0,"1917":1,"1918":0,"1920":0,"1921":0,"1923":0,"1924":0,"1927":0,"1928":0,"1929":0,"1930":0,"1933":0,"1937":0,"1941":0,"1944":1,"1945":0,"1947":0,"1948":0,"1951":0,"1952":0,"1953":0,"1954":0,"1958":0,"1970":1,"1971":0,"1973":0,"1974":0,"1976":0,"1978":0,"1979":0,"1983":0,"1985":0,"1988":0,"1989":0,"1992":0,"1994":0,"1995":0,"1999":0,"2000":0,"2004":0,"2014":0,"2015":0,"2019":0,"2022":0,"2028":0,"2029":0,"2034":0,"2035":0,"2037":0}}}